Using TensorFlow backend.
2018-11-23 10:39:18.175879: I tensorflow/core/platform/cpu_feature_guard.cc:141] Your CPU supports instructions that this TensorFlow binary was not compiled to use: AVX2 FMA
2018-11-23 10:39:18.476452: I tensorflow/core/common_runtime/gpu/gpu_device.cc:1432] Found device 0 with properties: 
name: Tesla K20m major: 3 minor: 5 memoryClockRate(GHz): 0.7055
pciBusID: 0000:02:00.0
totalMemory: 4.63GiB freeMemory: 4.56GiB
2018-11-23 10:39:18.690589: I tensorflow/core/common_runtime/gpu/gpu_device.cc:1432] Found device 1 with properties: 
name: Tesla K20m major: 3 minor: 5 memoryClockRate(GHz): 0.7055
pciBusID: 0000:05:00.0
totalMemory: 4.63GiB freeMemory: 4.56GiB
2018-11-23 10:39:18.691140: I tensorflow/core/common_runtime/gpu/gpu_device.cc:1511] Adding visible gpu devices: 0, 1
2018-11-23 10:39:27.015877: I tensorflow/core/common_runtime/gpu/gpu_device.cc:982] Device interconnect StreamExecutor with strength 1 edge matrix:
2018-11-23 10:39:27.016612: I tensorflow/core/common_runtime/gpu/gpu_device.cc:988]      0 1 
2018-11-23 10:39:27.016632: I tensorflow/core/common_runtime/gpu/gpu_device.cc:1001] 0:   N Y 
2018-11-23 10:39:27.016642: I tensorflow/core/common_runtime/gpu/gpu_device.cc:1001] 1:   Y N 
2018-11-23 10:39:27.017154: I tensorflow/core/common_runtime/gpu/gpu_device.cc:1115] Created TensorFlow device (/job:localhost/replica:0/task:0/device:GPU:0 with 4326 MB memory) -> physical GPU (device: 0, name: Tesla K20m, pci bus id: 0000:02:00.0, compute capability: 3.5)
2018-11-23 10:39:27.017609: I tensorflow/core/common_runtime/gpu/gpu_device.cc:1115] Created TensorFlow device (/job:localhost/replica:0/task:0/device:GPU:1 with 4326 MB memory) -> physical GPU (device: 1, name: Tesla K20m, pci bus id: 0000:05:00.0, compute capability: 3.5)
2018-11-23 10:39:30.917146: W tensorflow/core/common_runtime/bfc_allocator.cc:211] Allocator (GPU_0_bfc) ran out of memory trying to allocate 3.15GiB. The caller indicates that this is not a failure, but may mean that there could be performance gains if more memory were available.
2018-11-23 10:39:32.065057: W tensorflow/core/common_runtime/bfc_allocator.cc:211] Allocator (GPU_0_bfc) ran out of memory trying to allocate 3.97GiB. The caller indicates that this is not a failure, but may mean that there could be performance gains if more memory were available.
Found 12000 images belonging to 120 classes.
Found 8580 images belonging to 120 classes.
Epoch 1/50

 1/10 [==>...........................] - ETA: 3:25 - loss: 4.7895 - acc: 0.0150
 2/10 [=====>........................] - ETA: 1:32 - loss: 5.1095 - acc: 0.0100
 3/10 [========>.....................] - ETA: 1:10 - loss: 5.0021 - acc: 0.0067
 4/10 [===========>..................] - ETA: 56s - loss: 4.9503 - acc: 0.0062 
 5/10 [==============>...............] - ETA: 45s - loss: 4.9187 - acc: 0.0060
 6/10 [=================>............] - ETA: 35s - loss: 4.8973 - acc: 0.0067
 7/10 [====================>.........] - ETA: 26s - loss: 4.8812 - acc: 0.0071
 8/10 [=======================>......] - ETA: 17s - loss: 4.8693 - acc: 0.0069
 9/10 [==========================>...] - ETA: 8s - loss: 4.8603 - acc: 0.0067 
10/10 [==============================] - 86s 9s/step - loss: 4.8534 - acc: 0.0065 - val_loss: 4.7862 - val_acc: 0.0100
Epoch 2/50

 1/10 [==>...........................] - ETA: 1:09 - loss: 4.7892 - acc: 0.0000e+00
 2/10 [=====>........................] - ETA: 1:01 - loss: 4.7879 - acc: 0.0050    
 3/10 [========>.....................] - ETA: 53s - loss: 4.7873 - acc: 0.0083 
 4/10 [===========>..................] - ETA: 47s - loss: 4.7882 - acc: 0.0062
 5/10 [==============>...............] - ETA: 40s - loss: 4.7879 - acc: 0.0080
 6/10 [=================>............] - ETA: 32s - loss: 4.7876 - acc: 0.0075
 7/10 [====================>.........] - ETA: 24s - loss: 4.7872 - acc: 0.0079
 8/10 [=======================>......] - ETA: 16s - loss: 4.7870 - acc: 0.0075
 9/10 [==========================>...] - ETA: 8s - loss: 4.7870 - acc: 0.0072 
10/10 [==============================] - 83s 8s/step - loss: 4.7864 - acc: 0.0065 - val_loss: 4.7892 - val_acc: 0.0050
Epoch 3/50

 1/10 [==>...........................] - ETA: 1:05 - loss: 4.7971 - acc: 0.0000e+00
 2/10 [=====>........................] - ETA: 56s - loss: 4.7900 - acc: 0.0075     
 3/10 [========>.....................] - ETA: 48s - loss: 4.7890 - acc: 0.0083
 4/10 [===========>..................] - ETA: 43s - loss: 4.7888 - acc: 0.0062
 5/10 [==============>...............] - ETA: 37s - loss: 4.7883 - acc: 0.0050
 6/10 [=================>............] - ETA: 30s - loss: 4.7880 - acc: 0.0042
 7/10 [====================>.........] - ETA: 23s - loss: 4.7878 - acc: 0.0050
 8/10 [=======================>......] - ETA: 15s - loss: 4.7870 - acc: 0.0056
 9/10 [==========================>...] - ETA: 7s - loss: 4.7878 - acc: 0.0056 
10/10 [==============================] - 80s 8s/step - loss: 4.7877 - acc: 0.0065 - val_loss: 4.7883 - val_acc: 0.0075
Epoch 4/50

 1/10 [==>...........................] - ETA: 1:05 - loss: 4.7881 - acc: 0.0200
 2/10 [=====>........................] - ETA: 1:01 - loss: 4.7876 - acc: 0.0175
 3/10 [========>.....................] - ETA: 53s - loss: 4.7876 - acc: 0.0167 
 4/10 [===========>..................] - ETA: 47s - loss: 4.7882 - acc: 0.0150
 5/10 [==============>...............] - ETA: 39s - loss: 4.7884 - acc: 0.0150
 6/10 [=================>............] - ETA: 31s - loss: 4.7882 - acc: 0.0125
 7/10 [====================>.........] - ETA: 23s - loss: 4.7884 - acc: 0.0114
 8/10 [=======================>......] - ETA: 16s - loss: 4.7885 - acc: 0.0100
 9/10 [==========================>...] - ETA: 8s - loss: 4.7885 - acc: 0.0094 
10/10 [==============================] - 81s 8s/step - loss: 4.7884 - acc: 0.0090 - val_loss: 4.7875 - val_acc: 0.0100
Epoch 5/50

 1/10 [==>...........................] - ETA: 1:07 - loss: 4.7871 - acc: 0.0050
 2/10 [=====>........................] - ETA: 1:03 - loss: 4.7873 - acc: 0.0025
 3/10 [========>.....................] - ETA: 55s - loss: 4.7875 - acc: 0.0067 
 4/10 [===========>..................] - ETA: 48s - loss: 4.7872 - acc: 0.0050
 5/10 [==============>...............] - ETA: 40s - loss: 4.7878 - acc: 0.0050
 6/10 [=================>............] - ETA: 32s - loss: 4.7877 - acc: 0.0042
 7/10 [====================>.........] - ETA: 24s - loss: 4.7877 - acc: 0.0064
 8/10 [=======================>......] - ETA: 16s - loss: 4.7877 - acc: 0.0062
 9/10 [==========================>...] - ETA: 8s - loss: 4.7882 - acc: 0.0056 
10/10 [==============================] - 82s 8s/step - loss: 4.7884 - acc: 0.0060 - val_loss: 4.7871 - val_acc: 0.0037
Epoch 6/50

 1/10 [==>...........................] - ETA: 59s - loss: 4.7885 - acc: 0.0000e+00
 2/10 [=====>........................] - ETA: 56s - loss: 4.7875 - acc: 0.0075    
 3/10 [========>.....................] - ETA: 51s - loss: 4.7882 - acc: 0.0100
 4/10 [===========>..................] - ETA: 45s - loss: 4.7879 - acc: 0.0137
 5/10 [==============>...............] - ETA: 38s - loss: 4.7869 - acc: 0.0120
 6/10 [=================>............] - ETA: 31s - loss: 4.7891 - acc: 0.0100
 7/10 [====================>.........] - ETA: 24s - loss: 4.7888 - acc: 0.0121
 8/10 [=======================>......] - ETA: 16s - loss: 4.7886 - acc: 0.0112
 9/10 [==========================>...] - ETA: 8s - loss: 4.7889 - acc: 0.0117 
10/10 [==============================] - 82s 8s/step - loss: 4.7888 - acc: 0.0125 - val_loss: 4.7869 - val_acc: 0.0137
Epoch 7/50

 1/10 [==>...........................] - ETA: 23s - loss: 4.7865 - acc: 0.0100
 2/10 [=====>........................] - ETA: 20s - loss: 4.7856 - acc: 0.0075
 3/10 [========>.....................] - ETA: 18s - loss: 4.7875 - acc: 0.0083
 4/10 [===========>..................] - ETA: 16s - loss: 4.7875 - acc: 0.0075
 5/10 [==============>...............] - ETA: 13s - loss: 4.7879 - acc: 0.0080
 6/10 [=================>............] - ETA: 10s - loss: 4.7884 - acc: 0.0075
 7/10 [====================>.........] - ETA: 8s - loss: 4.7880 - acc: 0.0079 
 8/10 [=======================>......] - ETA: 5s - loss: 4.7877 - acc: 0.0094
 9/10 [==========================>...] - ETA: 2s - loss: 4.7867 - acc: 0.0094
10/10 [==============================] - 28s 3s/step - loss: 4.7906 - acc: 0.0090 - val_loss: 4.7877 - val_acc: 0.0075
Epoch 8/50

 1/10 [==>...........................] - ETA: 22s - loss: 4.7875 - acc: 0.0100
 2/10 [=====>........................] - ETA: 20s - loss: 4.7878 - acc: 0.0100
 3/10 [========>.....................] - ETA: 17s - loss: 4.7885 - acc: 0.0100
 4/10 [===========>..................] - ETA: 15s - loss: 4.7881 - acc: 0.0087
 5/10 [==============>...............] - ETA: 13s - loss: 4.7877 - acc: 0.0070
 6/10 [=================>............] - ETA: 10s - loss: 4.7878 - acc: 0.0067
 7/10 [====================>.........] - ETA: 7s - loss: 4.7878 - acc: 0.0086 
 8/10 [=======================>......] - ETA: 5s - loss: 4.7878 - acc: 0.0081
 9/10 [==========================>...] - ETA: 2s - loss: 4.7876 - acc: 0.0072
10/10 [==============================] - 27s 3s/step - loss: 4.7872 - acc: 0.0080 - val_loss: 4.7866 - val_acc: 0.0062
Epoch 9/50

 1/10 [==>...........................] - ETA: 20s - loss: 4.7770 - acc: 0.0100
 2/10 [=====>........................] - ETA: 19s - loss: 4.7830 - acc: 0.0050
 3/10 [========>.....................] - ETA: 17s - loss: 4.7874 - acc: 0.0033
 4/10 [===========>..................] - ETA: 15s - loss: 4.7867 - acc: 0.0062
 5/10 [==============>...............] - ETA: 12s - loss: 4.7868 - acc: 0.0080
 6/10 [=================>............] - ETA: 10s - loss: 4.7866 - acc: 0.0092
 7/10 [====================>.........] - ETA: 7s - loss: 4.7864 - acc: 0.0114 
 8/10 [=======================>......] - ETA: 5s - loss: 4.7864 - acc: 0.0112
 9/10 [==========================>...] - ETA: 2s - loss: 4.7866 - acc: 0.0100
10/10 [==============================] - 27s 3s/step - loss: 4.7864 - acc: 0.0095 - val_loss: 4.7862 - val_acc: 0.0137
Epoch 10/50

 1/10 [==>...........................] - ETA: 27s - loss: 4.7869 - acc: 0.0050
 2/10 [=====>........................] - ETA: 26s - loss: 4.7825 - acc: 0.0050
 3/10 [========>.....................] - ETA: 23s - loss: 4.7832 - acc: 0.0050
 4/10 [===========>..................] - ETA: 18s - loss: 4.7816 - acc: 0.0050
 5/10 [==============>...............] - ETA: 14s - loss: 4.7805 - acc: 0.0110
 6/10 [=================>............] - ETA: 11s - loss: 4.7851 - acc: 0.0100
 7/10 [====================>.........] - ETA: 8s - loss: 4.7840 - acc: 0.0100 
 8/10 [=======================>......] - ETA: 5s - loss: 4.7840 - acc: 0.0094
 9/10 [==========================>...] - ETA: 2s - loss: 4.7837 - acc: 0.0094
10/10 [==============================] - 27s 3s/step - loss: 4.7827 - acc: 0.0095 - val_loss: 4.7868 - val_acc: 0.0150
Epoch 11/50

 1/10 [==>...........................] - ETA: 29s - loss: 4.7818 - acc: 0.0000e+00
 2/10 [=====>........................] - ETA: 27s - loss: 4.7886 - acc: 0.0025    
 3/10 [========>.....................] - ETA: 23s - loss: 4.7849 - acc: 0.0067
 4/10 [===========>..................] - ETA: 18s - loss: 4.7868 - acc: 0.0075
 5/10 [==============>...............] - ETA: 14s - loss: 4.7846 - acc: 0.0100
 6/10 [=================>............] - ETA: 11s - loss: 4.7845 - acc: 0.0108
 7/10 [====================>.........] - ETA: 8s - loss: 4.7834 - acc: 0.0114 
 8/10 [=======================>......] - ETA: 5s - loss: 4.7826 - acc: 0.0119
 9/10 [==========================>...] - ETA: 2s - loss: 4.7841 - acc: 0.0117
10/10 [==============================] - 28s 3s/step - loss: 4.7833 - acc: 0.0115 - val_loss: 4.7738 - val_acc: 0.0179
Epoch 12/50

 1/10 [==>...........................] - ETA: 25s - loss: 4.7756 - acc: 0.0100
 2/10 [=====>........................] - ETA: 25s - loss: 4.7778 - acc: 0.0150
 3/10 [========>.....................] - ETA: 21s - loss: 4.7752 - acc: 0.0133
 4/10 [===========>..................] - ETA: 17s - loss: 4.7798 - acc: 0.0112
 5/10 [==============>...............] - ETA: 14s - loss: 4.7818 - acc: 0.0120
 6/10 [=================>............] - ETA: 10s - loss: 4.7807 - acc: 0.0125
 7/10 [====================>.........] - ETA: 8s - loss: 4.7794 - acc: 0.0121 
 8/10 [=======================>......] - ETA: 5s - loss: 4.7759 - acc: 0.0144
 9/10 [==========================>...] - ETA: 2s - loss: 4.7742 - acc: 0.0139
10/10 [==============================] - 26s 3s/step - loss: 4.7744 - acc: 0.0140 - val_loss: 4.7711 - val_acc: 0.0137
Epoch 13/50

 1/10 [==>...........................] - ETA: 28s - loss: 4.7781 - acc: 0.0000e+00
 2/10 [=====>........................] - ETA: 26s - loss: 4.7786 - acc: 0.0075    
 3/10 [========>.....................] - ETA: 23s - loss: 4.7644 - acc: 0.0183
 4/10 [===========>..................] - ETA: 18s - loss: 4.7736 - acc: 0.0187
 5/10 [==============>...............] - ETA: 14s - loss: 4.7750 - acc: 0.0170
 6/10 [=================>............] - ETA: 11s - loss: 4.7769 - acc: 0.0150
 7/10 [====================>.........] - ETA: 8s - loss: 4.7766 - acc: 0.0164 
 8/10 [=======================>......] - ETA: 5s - loss: 4.7760 - acc: 0.0169
 9/10 [==========================>...] - ETA: 2s - loss: 4.7753 - acc: 0.0156
10/10 [==============================] - 27s 3s/step - loss: 4.7738 - acc: 0.0145 - val_loss: 4.7545 - val_acc: 0.0175
Epoch 14/50

 1/10 [==>...........................] - ETA: 29s - loss: 4.7757 - acc: 0.0050
 2/10 [=====>........................] - ETA: 27s - loss: 4.7664 - acc: 0.0125
 3/10 [========>.....................] - ETA: 22s - loss: 4.7631 - acc: 0.0100
 4/10 [===========>..................] - ETA: 18s - loss: 4.7631 - acc: 0.0087
 5/10 [==============>...............] - ETA: 14s - loss: 4.7618 - acc: 0.0090
 6/10 [=================>............] - ETA: 11s - loss: 4.7577 - acc: 0.0083
 7/10 [====================>.........] - ETA: 8s - loss: 4.7609 - acc: 0.0093 
 8/10 [=======================>......] - ETA: 5s - loss: 4.7616 - acc: 0.0125
 9/10 [==========================>...] - ETA: 2s - loss: 4.7625 - acc: 0.0117
10/10 [==============================] - 27s 3s/step - loss: 4.7600 - acc: 0.0115 - val_loss: 4.7389 - val_acc: 0.0100
Epoch 15/50

 1/10 [==>...........................] - ETA: 29s - loss: 4.7232 - acc: 0.0100
 2/10 [=====>........................] - ETA: 27s - loss: 4.7371 - acc: 0.0150
 3/10 [========>.....................] - ETA: 23s - loss: 4.7387 - acc: 0.0150
 4/10 [===========>..................] - ETA: 18s - loss: 4.7485 - acc: 0.0150
 5/10 [==============>...............] - ETA: 14s - loss: 4.7488 - acc: 0.0140
 6/10 [=================>............] - ETA: 11s - loss: 4.7518 - acc: 0.0150
 7/10 [====================>.........] - ETA: 8s - loss: 4.7525 - acc: 0.0157 
 8/10 [=======================>......] - ETA: 5s - loss: 4.7460 - acc: 0.0169
 9/10 [==========================>...] - ETA: 2s - loss: 4.7518 - acc: 0.0172
10/10 [==============================] - 27s 3s/step - loss: 4.7523 - acc: 0.0185 - val_loss: 4.7374 - val_acc: 0.0125
Epoch 16/50

 1/10 [==>...........................] - ETA: 27s - loss: 4.7584 - acc: 0.0150
 2/10 [=====>........................] - ETA: 26s - loss: 4.7322 - acc: 0.0150
 3/10 [========>.....................] - ETA: 23s - loss: 4.7393 - acc: 0.0150
 4/10 [===========>..................] - ETA: 18s - loss: 4.7419 - acc: 0.0162
 5/10 [==============>...............] - ETA: 14s - loss: 4.7406 - acc: 0.0170
 6/10 [=================>............] - ETA: 11s - loss: 4.7417 - acc: 0.0167
 7/10 [====================>.........] - ETA: 8s - loss: 4.7394 - acc: 0.0164 
 8/10 [=======================>......] - ETA: 5s - loss: 4.7403 - acc: 0.0150
 9/10 [==========================>...] - ETA: 2s - loss: 4.7363 - acc: 0.0156
10/10 [==============================] - 27s 3s/step - loss: 4.7431 - acc: 0.0140 - val_loss: 4.7452 - val_acc: 0.0150
Epoch 17/50

 1/10 [==>...........................] - ETA: 26s - loss: 4.7800 - acc: 0.0100
 2/10 [=====>........................] - ETA: 25s - loss: 4.7613 - acc: 0.0150
 3/10 [========>.....................] - ETA: 22s - loss: 4.7622 - acc: 0.0117
 4/10 [===========>..................] - ETA: 17s - loss: 4.7593 - acc: 0.0112
 5/10 [==============>...............] - ETA: 14s - loss: 4.7568 - acc: 0.0140
 6/10 [=================>............] - ETA: 11s - loss: 4.7582 - acc: 0.0117
 7/10 [====================>.........] - ETA: 8s - loss: 4.7590 - acc: 0.0107 
 8/10 [=======================>......] - ETA: 5s - loss: 4.7571 - acc: 0.0100
 9/10 [==========================>...] - ETA: 2s - loss: 4.7519 - acc: 0.0122
10/10 [==============================] - 27s 3s/step - loss: 4.7499 - acc: 0.0130 - val_loss: 4.7406 - val_acc: 0.0175
Epoch 18/50

 1/10 [==>...........................] - ETA: 27s - loss: 4.7387 - acc: 0.0150
 2/10 [=====>........................] - ETA: 26s - loss: 4.7496 - acc: 0.0175
 3/10 [========>.....................] - ETA: 22s - loss: 4.7498 - acc: 0.0150
 4/10 [===========>..................] - ETA: 18s - loss: 4.7507 - acc: 0.0162
 5/10 [==============>...............] - ETA: 14s - loss: 4.7473 - acc: 0.0150
 6/10 [=================>............] - ETA: 11s - loss: 4.7400 - acc: 0.0150
 7/10 [====================>.........] - ETA: 8s - loss: 4.7400 - acc: 0.0136 
 8/10 [=======================>......] - ETA: 5s - loss: 4.7363 - acc: 0.0137
 9/10 [==========================>...] - ETA: 2s - loss: 4.7356 - acc: 0.0128
10/10 [==============================] - 27s 3s/step - loss: 4.7382 - acc: 0.0125 - val_loss: 4.7292 - val_acc: 0.0175
Epoch 19/50

 1/10 [==>...........................] - ETA: 27s - loss: 4.7236 - acc: 0.0150
 2/10 [=====>........................] - ETA: 26s - loss: 4.7182 - acc: 0.0125
 3/10 [========>.....................] - ETA: 22s - loss: 4.7200 - acc: 0.0133
 4/10 [===========>..................] - ETA: 17s - loss: 4.7196 - acc: 0.0162
 5/10 [==============>...............] - ETA: 14s - loss: 4.7182 - acc: 0.0150
 6/10 [=================>............] - ETA: 11s - loss: 4.7214 - acc: 0.0142
 7/10 [====================>.........] - ETA: 8s - loss: 4.7214 - acc: 0.0129 
 8/10 [=======================>......] - ETA: 5s - loss: 4.7178 - acc: 0.0125
 9/10 [==========================>...] - ETA: 2s - loss: 4.7237 - acc: 0.0128
10/10 [==============================] - 26s 3s/step - loss: 4.7219 - acc: 0.0130 - val_loss: 4.7072 - val_acc: 0.0112
Epoch 20/50

 1/10 [==>...........................] - ETA: 26s - loss: 4.7536 - acc: 0.0150
 2/10 [=====>........................] - ETA: 25s - loss: 4.7208 - acc: 0.0150
 3/10 [========>.....................] - ETA: 23s - loss: 4.7258 - acc: 0.0133
 4/10 [===========>..................] - ETA: 18s - loss: 4.7290 - acc: 0.0112
 5/10 [==============>...............] - ETA: 14s - loss: 4.7209 - acc: 0.0170
 6/10 [=================>............] - ETA: 11s - loss: 4.7121 - acc: 0.0158
 7/10 [====================>.........] - ETA: 8s - loss: 4.7147 - acc: 0.0171 
 8/10 [=======================>......] - ETA: 5s - loss: 4.7078 - acc: 0.0175
 9/10 [==========================>...] - ETA: 2s - loss: 4.7075 - acc: 0.0178
10/10 [==============================] - 27s 3s/step - loss: 4.7111 - acc: 0.0180 - val_loss: 4.6729 - val_acc: 0.0212
Epoch 21/50

 1/10 [==>...........................] - ETA: 26s - loss: 4.7232 - acc: 0.0100
 2/10 [=====>........................] - ETA: 25s - loss: 4.7226 - acc: 0.0125
 3/10 [========>.....................] - ETA: 22s - loss: 4.7248 - acc: 0.0167
 4/10 [===========>..................] - ETA: 18s - loss: 4.7167 - acc: 0.0188
 5/10 [==============>...............] - ETA: 14s - loss: 4.7095 - acc: 0.0200
 6/10 [=================>............] - ETA: 11s - loss: 4.7145 - acc: 0.0167
 7/10 [====================>.........] - ETA: 8s - loss: 4.7181 - acc: 0.0164 
 8/10 [=======================>......] - ETA: 5s - loss: 4.7191 - acc: 0.0162
 9/10 [==========================>...] - ETA: 2s - loss: 4.7134 - acc: 0.0178
10/10 [==============================] - 27s 3s/step - loss: 4.7122 - acc: 0.0180 - val_loss: 4.7146 - val_acc: 0.0125
Epoch 22/50

 1/10 [==>...........................] - ETA: 28s - loss: 4.7070 - acc: 0.0200
 2/10 [=====>........................] - ETA: 27s - loss: 4.6930 - acc: 0.0175
 3/10 [========>.....................] - ETA: 23s - loss: 4.6842 - acc: 0.0233
 4/10 [===========>..................] - ETA: 18s - loss: 4.6910 - acc: 0.0225
 5/10 [==============>...............] - ETA: 14s - loss: 4.6888 - acc: 0.0200
 6/10 [=================>............] - ETA: 11s - loss: 4.6841 - acc: 0.0183
 7/10 [====================>.........] - ETA: 8s - loss: 4.6887 - acc: 0.0157 
 8/10 [=======================>......] - ETA: 5s - loss: 4.6822 - acc: 0.0150
 9/10 [==========================>...] - ETA: 2s - loss: 4.6820 - acc: 0.0144
10/10 [==============================] - 28s 3s/step - loss: 4.6819 - acc: 0.0155 - val_loss: 4.6696 - val_acc: 0.0192
Epoch 23/50

 1/10 [==>...........................] - ETA: 27s - loss: 4.6990 - acc: 0.0050
 2/10 [=====>........................] - ETA: 26s - loss: 4.6997 - acc: 0.0075
 3/10 [========>.....................] - ETA: 22s - loss: 4.6962 - acc: 0.0183
 4/10 [===========>..................] - ETA: 18s - loss: 4.6959 - acc: 0.0187
 5/10 [==============>...............] - ETA: 14s - loss: 4.6888 - acc: 0.0200
 6/10 [=================>............] - ETA: 11s - loss: 4.6836 - acc: 0.0192
 7/10 [====================>.........] - ETA: 8s - loss: 4.6845 - acc: 0.0186 
 8/10 [=======================>......] - ETA: 5s - loss: 4.6818 - acc: 0.0181
 9/10 [==========================>...] - ETA: 2s - loss: 4.6802 - acc: 0.0183
10/10 [==============================] - 26s 3s/step - loss: 4.6805 - acc: 0.0190 - val_loss: 4.6246 - val_acc: 0.0187
Epoch 24/50

 1/10 [==>...........................] - ETA: 27s - loss: 4.5978 - acc: 0.0350
 2/10 [=====>........................] - ETA: 26s - loss: 4.6310 - acc: 0.0250
 3/10 [========>.....................] - ETA: 22s - loss: 4.6422 - acc: 0.0217
 4/10 [===========>..................] - ETA: 18s - loss: 4.6451 - acc: 0.0200
 5/10 [==============>...............] - ETA: 14s - loss: 4.6507 - acc: 0.0180
 6/10 [=================>............] - ETA: 11s - loss: 4.6514 - acc: 0.0183
 7/10 [====================>.........] - ETA: 8s - loss: 4.6495 - acc: 0.0171 
 8/10 [=======================>......] - ETA: 5s - loss: 4.6553 - acc: 0.0181
 9/10 [==========================>...] - ETA: 2s - loss: 4.6568 - acc: 0.0183
10/10 [==============================] - 27s 3s/step - loss: 4.6558 - acc: 0.0180 - val_loss: 4.6831 - val_acc: 0.0175
Epoch 25/50

 1/10 [==>...........................] - ETA: 28s - loss: 4.7301 - acc: 0.0100
 2/10 [=====>........................] - ETA: 26s - loss: 4.7020 - acc: 0.0150
 3/10 [========>.....................] - ETA: 22s - loss: 4.6970 - acc: 0.0133
 4/10 [===========>..................] - ETA: 18s - loss: 4.6769 - acc: 0.0150
 5/10 [==============>...............] - ETA: 14s - loss: 4.6751 - acc: 0.0150
 6/10 [=================>............] - ETA: 11s - loss: 4.6746 - acc: 0.0158
 7/10 [====================>.........] - ETA: 8s - loss: 4.6643 - acc: 0.0164 
 8/10 [=======================>......] - ETA: 5s - loss: 4.6691 - acc: 0.0162
 9/10 [==========================>...] - ETA: 2s - loss: 4.6665 - acc: 0.0167
10/10 [==============================] - 26s 3s/step - loss: 4.6641 - acc: 0.0175 - val_loss: 4.6150 - val_acc: 0.0200
Epoch 26/50

 1/10 [==>...........................] - ETA: 28s - loss: 4.6398 - acc: 0.0300
 2/10 [=====>........................] - ETA: 27s - loss: 4.6476 - acc: 0.0300
 3/10 [========>.....................] - ETA: 23s - loss: 4.6595 - acc: 0.0250
 4/10 [===========>..................] - ETA: 18s - loss: 4.6553 - acc: 0.0250
 5/10 [==============>...............] - ETA: 14s - loss: 4.6612 - acc: 0.0240
 6/10 [=================>............] - ETA: 11s - loss: 4.6633 - acc: 0.0233
 7/10 [====================>.........] - ETA: 8s - loss: 4.6612 - acc: 0.0250 
 8/10 [=======================>......] - ETA: 5s - loss: 4.6574 - acc: 0.0237
 9/10 [==========================>...] - ETA: 2s - loss: 4.6606 - acc: 0.0233
10/10 [==============================] - 27s 3s/step - loss: 4.6600 - acc: 0.0220 - val_loss: 4.6350 - val_acc: 0.0187
Epoch 27/50

 1/10 [==>...........................] - ETA: 27s - loss: 4.6399 - acc: 0.0250
 2/10 [=====>........................] - ETA: 26s - loss: 4.6417 - acc: 0.0250
 3/10 [========>.....................] - ETA: 23s - loss: 4.6372 - acc: 0.0183
 4/10 [===========>..................] - ETA: 18s - loss: 4.6413 - acc: 0.0225
 5/10 [==============>...............] - ETA: 14s - loss: 4.6483 - acc: 0.0210
 6/10 [=================>............] - ETA: 11s - loss: 4.6392 - acc: 0.0208
 7/10 [====================>.........] - ETA: 8s - loss: 4.6411 - acc: 0.0186 
 8/10 [=======================>......] - ETA: 5s - loss: 4.6397 - acc: 0.0181
 9/10 [==========================>...] - ETA: 2s - loss: 4.6465 - acc: 0.0189
10/10 [==============================] - 27s 3s/step - loss: 4.6492 - acc: 0.0190 - val_loss: 4.6155 - val_acc: 0.0237
Epoch 28/50

 1/10 [==>...........................] - ETA: 28s - loss: 4.6857 - acc: 0.0150
 2/10 [=====>........................] - ETA: 26s - loss: 4.6335 - acc: 0.0200
 3/10 [========>.....................] - ETA: 23s - loss: 4.6104 - acc: 0.0200
 4/10 [===========>..................] - ETA: 18s - loss: 4.6123 - acc: 0.0212
 5/10 [==============>...............] - ETA: 14s - loss: 4.6062 - acc: 0.0190
 6/10 [=================>............] - ETA: 11s - loss: 4.6003 - acc: 0.0183
 7/10 [====================>.........] - ETA: 8s - loss: 4.6071 - acc: 0.0200 
 8/10 [=======================>......] - ETA: 5s - loss: 4.6134 - acc: 0.0194
 9/10 [==========================>...] - ETA: 2s - loss: 4.6215 - acc: 0.0200
10/10 [==============================] - 27s 3s/step - loss: 4.6232 - acc: 0.0225 - val_loss: 4.5740 - val_acc: 0.0150
Epoch 29/50

 1/10 [==>...........................] - ETA: 26s - loss: 4.6137 - acc: 0.0100
 2/10 [=====>........................] - ETA: 26s - loss: 4.6375 - acc: 0.0200
 3/10 [========>.....................] - ETA: 22s - loss: 4.6523 - acc: 0.0200
 4/10 [===========>..................] - ETA: 18s - loss: 4.6521 - acc: 0.0187
 5/10 [==============>...............] - ETA: 14s - loss: 4.6355 - acc: 0.0190
 6/10 [=================>............] - ETA: 11s - loss: 4.6324 - acc: 0.0217
 7/10 [====================>.........] - ETA: 8s - loss: 4.6402 - acc: 0.0221 
 8/10 [=======================>......] - ETA: 5s - loss: 4.6432 - acc: 0.0212
 9/10 [==========================>...] - ETA: 2s - loss: 4.6403 - acc: 0.0217
10/10 [==============================] - 27s 3s/step - loss: 4.6397 - acc: 0.0210 - val_loss: 4.5589 - val_acc: 0.0237
Epoch 30/50

 1/10 [==>...........................] - ETA: 27s - loss: 4.5536 - acc: 0.0500
 2/10 [=====>........................] - ETA: 27s - loss: 4.5916 - acc: 0.0350
 3/10 [========>.....................] - ETA: 22s - loss: 4.5940 - acc: 0.0333
 4/10 [===========>..................] - ETA: 18s - loss: 4.6122 - acc: 0.0287
 5/10 [==============>...............] - ETA: 14s - loss: 4.6029 - acc: 0.0270
 6/10 [=================>............] - ETA: 11s - loss: 4.6002 - acc: 0.0283
 7/10 [====================>.........] - ETA: 8s - loss: 4.6025 - acc: 0.0279 
 8/10 [=======================>......] - ETA: 5s - loss: 4.5999 - acc: 0.0281
 9/10 [==========================>...] - ETA: 2s - loss: 4.5993 - acc: 0.0267
10/10 [==============================] - 27s 3s/step - loss: 4.5991 - acc: 0.0260 - val_loss: 4.5617 - val_acc: 0.0325
Epoch 31/50

 1/10 [==>...........................] - ETA: 26s - loss: 4.5843 - acc: 0.0350
 2/10 [=====>........................] - ETA: 26s - loss: 4.6248 - acc: 0.0225
 3/10 [========>.....................] - ETA: 22s - loss: 4.6282 - acc: 0.0217
 4/10 [===========>..................] - ETA: 17s - loss: 4.6177 - acc: 0.0250
 5/10 [==============>...............] - ETA: 14s - loss: 4.6153 - acc: 0.0220
 6/10 [=================>............] - ETA: 11s - loss: 4.6188 - acc: 0.0233
 7/10 [====================>.........] - ETA: 8s - loss: 4.6184 - acc: 0.0229 
 8/10 [=======================>......] - ETA: 5s - loss: 4.6201 - acc: 0.0231
 9/10 [==========================>...] - ETA: 2s - loss: 4.6231 - acc: 0.0206
10/10 [==============================] - 27s 3s/step - loss: 4.6215 - acc: 0.0220 - val_loss: 4.5499 - val_acc: 0.0275
Epoch 32/50

 1/10 [==>...........................] - ETA: 31s - loss: 4.6315 - acc: 0.0100
 2/10 [=====>........................] - ETA: 27s - loss: 4.6038 - acc: 0.0100
 3/10 [========>.....................] - ETA: 23s - loss: 4.6120 - acc: 0.0167
 4/10 [===========>..................] - ETA: 18s - loss: 4.6066 - acc: 0.0187
 5/10 [==============>...............] - ETA: 14s - loss: 4.6038 - acc: 0.0200
 6/10 [=================>............] - ETA: 11s - loss: 4.6008 - acc: 0.0175
 7/10 [====================>.........] - ETA: 8s - loss: 4.6022 - acc: 0.0186 
 8/10 [=======================>......] - ETA: 5s - loss: 4.5994 - acc: 0.0181
 9/10 [==========================>...] - ETA: 2s - loss: 4.6021 - acc: 0.0178
10/10 [==============================] - 27s 3s/step - loss: 4.5973 - acc: 0.0190 - val_loss: 4.5295 - val_acc: 0.0213
Epoch 33/50

 1/10 [==>...........................] - ETA: 27s - loss: 4.5975 - acc: 0.0350
 2/10 [=====>........................] - ETA: 26s - loss: 4.6159 - acc: 0.0350
 3/10 [========>.....................] - ETA: 22s - loss: 4.6061 - acc: 0.0300
 4/10 [===========>..................] - ETA: 18s - loss: 4.5885 - acc: 0.0338
 5/10 [==============>...............] - ETA: 14s - loss: 4.5957 - acc: 0.0340
 6/10 [=================>............] - ETA: 11s - loss: 4.6114 - acc: 0.0308
 7/10 [====================>.........] - ETA: 8s - loss: 4.6074 - acc: 0.0314 
 8/10 [=======================>......] - ETA: 5s - loss: 4.6006 - acc: 0.0313
 9/10 [==========================>...] - ETA: 2s - loss: 4.5951 - acc: 0.0317
10/10 [==============================] - 27s 3s/step - loss: 4.5880 - acc: 0.0295 - val_loss: 4.5136 - val_acc: 0.0192
Epoch 34/50

 1/10 [==>...........................] - ETA: 27s - loss: 4.5566 - acc: 0.0050
 2/10 [=====>........................] - ETA: 26s - loss: 4.5816 - acc: 0.0100
 3/10 [========>.....................] - ETA: 22s - loss: 4.5858 - acc: 0.0117
 4/10 [===========>..................] - ETA: 17s - loss: 4.5909 - acc: 0.0112
 5/10 [==============>...............] - ETA: 14s - loss: 4.5990 - acc: 0.0130
 6/10 [=================>............] - ETA: 11s - loss: 4.5788 - acc: 0.0150
 7/10 [====================>.........] - ETA: 8s - loss: 4.5950 - acc: 0.0143 
 8/10 [=======================>......] - ETA: 5s - loss: 4.6016 - acc: 0.0137
 9/10 [==========================>...] - ETA: 2s - loss: 4.5988 - acc: 0.0150
10/10 [==============================] - 26s 3s/step - loss: 4.5964 - acc: 0.0150 - val_loss: 4.5318 - val_acc: 0.0288
Epoch 35/50

 1/10 [==>...........................] - ETA: 29s - loss: 4.5696 - acc: 0.0150
 2/10 [=====>........................] - ETA: 27s - loss: 4.5396 - acc: 0.0300
 3/10 [========>.....................] - ETA: 23s - loss: 4.5925 - acc: 0.0283
 4/10 [===========>..................] - ETA: 18s - loss: 4.5829 - acc: 0.0300
 5/10 [==============>...............] - ETA: 14s - loss: 4.6012 - acc: 0.0290
 6/10 [=================>............] - ETA: 11s - loss: 4.6029 - acc: 0.0300
 7/10 [====================>.........] - ETA: 8s - loss: 4.5999 - acc: 0.0279 
 8/10 [=======================>......] - ETA: 5s - loss: 4.5922 - acc: 0.0281
 9/10 [==========================>...] - ETA: 2s - loss: 4.5917 - acc: 0.0294
10/10 [==============================] - 27s 3s/step - loss: 4.5821 - acc: 0.0310 - val_loss: 4.4888 - val_acc: 0.0350
Epoch 36/50

 1/10 [==>...........................] - ETA: 29s - loss: 4.5387 - acc: 0.0300
 2/10 [=====>........................] - ETA: 26s - loss: 4.5789 - acc: 0.0150
 3/10 [========>.....................] - ETA: 22s - loss: 4.5697 - acc: 0.0117
 4/10 [===========>..................] - ETA: 18s - loss: 4.5630 - acc: 0.0125
 5/10 [==============>...............] - ETA: 14s - loss: 4.5366 - acc: 0.0170
 6/10 [=================>............] - ETA: 11s - loss: 4.5348 - acc: 0.0183
 7/10 [====================>.........] - ETA: 8s - loss: 4.5394 - acc: 0.0186 
 8/10 [=======================>......] - ETA: 5s - loss: 4.5405 - acc: 0.0212
 9/10 [==========================>...] - ETA: 2s - loss: 4.5459 - acc: 0.0206
10/10 [==============================] - 27s 3s/step - loss: 4.5453 - acc: 0.0205 - val_loss: 4.4760 - val_acc: 0.0388
Epoch 37/50

 1/10 [==>...........................] - ETA: 26s - loss: 4.6533 - acc: 0.0100
 2/10 [=====>........................] - ETA: 26s - loss: 4.5758 - acc: 0.0175
 3/10 [========>.....................] - ETA: 23s - loss: 4.5746 - acc: 0.0183
 4/10 [===========>..................] - ETA: 18s - loss: 4.5652 - acc: 0.0212
 5/10 [==============>...............] - ETA: 14s - loss: 4.5703 - acc: 0.0230
 6/10 [=================>............] - ETA: 11s - loss: 4.5705 - acc: 0.0250
 7/10 [====================>.........] - ETA: 8s - loss: 4.5764 - acc: 0.0229 
 8/10 [=======================>......] - ETA: 5s - loss: 4.5776 - acc: 0.0225
 9/10 [==========================>...] - ETA: 2s - loss: 4.5712 - acc: 0.0239
10/10 [==============================] - 27s 3s/step - loss: 4.5617 - acc: 0.0275 - val_loss: 4.5055 - val_acc: 0.0325
Epoch 38/50

 1/10 [==>...........................] - ETA: 27s - loss: 4.6128 - acc: 0.0250
 2/10 [=====>........................] - ETA: 25s - loss: 4.5663 - acc: 0.0225
 3/10 [========>.....................] - ETA: 22s - loss: 4.5431 - acc: 0.0300
 4/10 [===========>..................] - ETA: 18s - loss: 4.5523 - acc: 0.0263
 5/10 [==============>...............] - ETA: 14s - loss: 4.5533 - acc: 0.0240
 6/10 [=================>............] - ETA: 11s - loss: 4.5600 - acc: 0.0217
 7/10 [====================>.........] - ETA: 8s - loss: 4.5609 - acc: 0.0221 
 8/10 [=======================>......] - ETA: 5s - loss: 4.5608 - acc: 0.0231
 9/10 [==========================>...] - ETA: 2s - loss: 4.5559 - acc: 0.0228
10/10 [==============================] - 26s 3s/step - loss: 4.5603 - acc: 0.0230 - val_loss: 4.4801 - val_acc: 0.0275
Epoch 39/50

 1/10 [==>...........................] - ETA: 27s - loss: 4.5067 - acc: 0.0250
 2/10 [=====>........................] - ETA: 27s - loss: 4.5145 - acc: 0.0225
 3/10 [========>.....................] - ETA: 23s - loss: 4.5378 - acc: 0.0167
 4/10 [===========>..................] - ETA: 18s - loss: 4.5217 - acc: 0.0162
 5/10 [==============>...............] - ETA: 14s - loss: 4.5241 - acc: 0.0190
 6/10 [=================>............] - ETA: 11s - loss: 4.5146 - acc: 0.0200
 7/10 [====================>.........] - ETA: 8s - loss: 4.5115 - acc: 0.0200 
 8/10 [=======================>......] - ETA: 5s - loss: 4.5133 - acc: 0.0206
 9/10 [==========================>...] - ETA: 2s - loss: 4.5181 - acc: 0.0233
10/10 [==============================] - 27s 3s/step - loss: 4.5189 - acc: 0.0230 - val_loss: 4.4654 - val_acc: 0.0262
Epoch 40/50

 1/10 [==>...........................] - ETA: 27s - loss: 4.5408 - acc: 0.0400
 2/10 [=====>........................] - ETA: 25s - loss: 4.5958 - acc: 0.0250
 3/10 [========>.....................] - ETA: 22s - loss: 4.5640 - acc: 0.0283
 4/10 [===========>..................] - ETA: 18s - loss: 4.5614 - acc: 0.0312
 5/10 [==============>...............] - ETA: 14s - loss: 4.5638 - acc: 0.0290
 6/10 [=================>............] - ETA: 11s - loss: 4.5735 - acc: 0.0308
 7/10 [====================>.........] - ETA: 8s - loss: 4.5671 - acc: 0.0307 
 8/10 [=======================>......] - ETA: 5s - loss: 4.5622 - acc: 0.0294
 9/10 [==========================>...] - ETA: 2s - loss: 4.5570 - acc: 0.0289
10/10 [==============================] - 27s 3s/step - loss: 4.5542 - acc: 0.0295 - val_loss: 4.5029 - val_acc: 0.0275
Epoch 41/50

 1/10 [==>...........................] - ETA: 28s - loss: 4.5085 - acc: 0.0400
 2/10 [=====>........................] - ETA: 26s - loss: 4.5424 - acc: 0.0300
 3/10 [========>.....................] - ETA: 22s - loss: 4.5481 - acc: 0.0233
 4/10 [===========>..................] - ETA: 18s - loss: 4.5384 - acc: 0.0250
 5/10 [==============>...............] - ETA: 14s - loss: 4.5363 - acc: 0.0270
 6/10 [=================>............] - ETA: 11s - loss: 4.5358 - acc: 0.0250
 7/10 [====================>.........] - ETA: 8s - loss: 4.5367 - acc: 0.0257 
 8/10 [=======================>......] - ETA: 5s - loss: 4.5392 - acc: 0.0250
 9/10 [==========================>...] - ETA: 2s - loss: 4.5359 - acc: 0.0256
10/10 [==============================] - 27s 3s/step - loss: 4.5401 - acc: 0.0265 - val_loss: 4.5275 - val_acc: 0.0250
Epoch 42/50

 1/10 [==>...........................] - ETA: 28s - loss: 4.6382 - acc: 0.0250
 2/10 [=====>........................] - ETA: 26s - loss: 4.5754 - acc: 0.0175
 3/10 [========>.....................] - ETA: 22s - loss: 4.5523 - acc: 0.0183
 4/10 [===========>..................] - ETA: 17s - loss: 4.5626 - acc: 0.0187
 5/10 [==============>...............] - ETA: 14s - loss: 4.5631 - acc: 0.0230
 6/10 [=================>............] - ETA: 11s - loss: 4.5437 - acc: 0.0292
 7/10 [====================>.........] - ETA: 8s - loss: 4.5399 - acc: 0.0286 
 8/10 [=======================>......] - ETA: 5s - loss: 4.5433 - acc: 0.0281
 9/10 [==========================>...] - ETA: 2s - loss: 4.5370 - acc: 0.0261
10/10 [==============================] - 26s 3s/step - loss: 4.5361 - acc: 0.0270 - val_loss: 4.4616 - val_acc: 0.0262
Epoch 43/50

 1/10 [==>...........................] - ETA: 26s - loss: 4.4171 - acc: 0.0150
 2/10 [=====>........................] - ETA: 27s - loss: 4.4659 - acc: 0.0200
 3/10 [========>.....................] - ETA: 23s - loss: 4.4934 - acc: 0.0217
 4/10 [===========>..................] - ETA: 18s - loss: 4.5020 - acc: 0.0188
 5/10 [==============>...............] - ETA: 14s - loss: 4.5060 - acc: 0.0180
 6/10 [=================>............] - ETA: 11s - loss: 4.5015 - acc: 0.0275
 7/10 [====================>.........] - ETA: 8s - loss: 4.5013 - acc: 0.0264 
 8/10 [=======================>......] - ETA: 5s - loss: 4.5012 - acc: 0.0263
 9/10 [==========================>...] - ETA: 2s - loss: 4.5094 - acc: 0.0250
10/10 [==============================] - 27s 3s/step - loss: 4.5101 - acc: 0.0240 - val_loss: 4.4883 - val_acc: 0.0346
Epoch 44/50

 1/10 [==>...........................] - ETA: 27s - loss: 4.5445 - acc: 0.0150
 2/10 [=====>........................] - ETA: 26s - loss: 4.4980 - acc: 0.0250
 3/10 [========>.....................] - ETA: 22s - loss: 4.4856 - acc: 0.0250
 4/10 [===========>..................] - ETA: 18s - loss: 4.4944 - acc: 0.0275
 5/10 [==============>...............] - ETA: 14s - loss: 4.5042 - acc: 0.0280
 6/10 [=================>............] - ETA: 11s - loss: 4.5042 - acc: 0.0275
 7/10 [====================>.........] - ETA: 8s - loss: 4.5112 - acc: 0.0264 
 8/10 [=======================>......] - ETA: 5s - loss: 4.5037 - acc: 0.0256
 9/10 [==========================>...] - ETA: 2s - loss: 4.5057 - acc: 0.0244
10/10 [==============================] - 27s 3s/step - loss: 4.5070 - acc: 0.0235 - val_loss: 4.4869 - val_acc: 0.0212
Epoch 45/50

 1/10 [==>...........................] - ETA: 27s - loss: 4.5406 - acc: 0.0150
 2/10 [=====>........................] - ETA: 26s - loss: 4.5667 - acc: 0.0175
 3/10 [========>.....................] - ETA: 23s - loss: 4.5186 - acc: 0.0317
 4/10 [===========>..................] - ETA: 18s - loss: 4.5208 - acc: 0.0337
 5/10 [==============>...............] - ETA: 14s - loss: 4.5203 - acc: 0.0300
 6/10 [=================>............] - ETA: 11s - loss: 4.5112 - acc: 0.0308
 7/10 [====================>.........] - ETA: 8s - loss: 4.5213 - acc: 0.0314 
 8/10 [=======================>......] - ETA: 5s - loss: 4.5225 - acc: 0.0319
 9/10 [==========================>...] - ETA: 2s - loss: 4.5245 - acc: 0.0322
10/10 [==============================] - 27s 3s/step - loss: 4.5228 - acc: 0.0315 - val_loss: 4.4412 - val_acc: 0.0375
Epoch 46/50

 1/10 [==>...........................] - ETA: 28s - loss: 4.4919 - acc: 0.0650
 2/10 [=====>........................] - ETA: 26s - loss: 4.4840 - acc: 0.0400
 3/10 [========>.....................] - ETA: 22s - loss: 4.4850 - acc: 0.0350
 4/10 [===========>..................] - ETA: 18s - loss: 4.4660 - acc: 0.0350
 5/10 [==============>...............] - ETA: 14s - loss: 4.4787 - acc: 0.0330
 6/10 [=================>............] - ETA: 11s - loss: 4.4764 - acc: 0.0325
 7/10 [====================>.........] - ETA: 8s - loss: 4.4864 - acc: 0.0314 
 8/10 [=======================>......] - ETA: 5s - loss: 4.4873 - acc: 0.0287
 9/10 [==========================>...] - ETA: 2s - loss: 4.4960 - acc: 0.0256
10/10 [==============================] - 27s 3s/step - loss: 4.4964 - acc: 0.0250 - val_loss: 4.4076 - val_acc: 0.0275
Epoch 47/50

 1/10 [==>...........................] - ETA: 27s - loss: 4.5391 - acc: 0.0150
 2/10 [=====>........................] - ETA: 26s - loss: 4.5065 - acc: 0.0200
 3/10 [========>.....................] - ETA: 22s - loss: 4.4668 - acc: 0.0267
 4/10 [===========>..................] - ETA: 18s - loss: 4.4871 - acc: 0.0287
 5/10 [==============>...............] - ETA: 14s - loss: 4.4960 - acc: 0.0280
 6/10 [=================>............] - ETA: 11s - loss: 4.5053 - acc: 0.0250
 7/10 [====================>.........] - ETA: 8s - loss: 4.5094 - acc: 0.0243 
 8/10 [=======================>......] - ETA: 5s - loss: 4.4990 - acc: 0.0256
 9/10 [==========================>...] - ETA: 2s - loss: 4.4960 - acc: 0.0250
10/10 [==============================] - 27s 3s/step - loss: 4.4940 - acc: 0.0245 - val_loss: 4.3961 - val_acc: 0.0375
Epoch 48/50

 1/10 [==>...........................] - ETA: 28s - loss: 4.4608 - acc: 0.0400
 2/10 [=====>........................] - ETA: 26s - loss: 4.4876 - acc: 0.0400
 3/10 [========>.....................] - ETA: 23s - loss: 4.4849 - acc: 0.0350
 4/10 [===========>..................] - ETA: 18s - loss: 4.4664 - acc: 0.0337
 5/10 [==============>...............] - ETA: 14s - loss: 4.4786 - acc: 0.0320
 6/10 [=================>............] - ETA: 11s - loss: 4.4929 - acc: 0.0292
 7/10 [====================>.........] - ETA: 8s - loss: 4.4902 - acc: 0.0293 
 8/10 [=======================>......] - ETA: 5s - loss: 4.4920 - acc: 0.0281
 9/10 [==========================>...] - ETA: 2s - loss: 4.4941 - acc: 0.0272
10/10 [==============================] - 27s 3s/step - loss: 4.5029 - acc: 0.0260 - val_loss: 4.4551 - val_acc: 0.0325
Epoch 49/50

 1/10 [==>...........................] - ETA: 28s - loss: 4.5304 - acc: 0.0350
 2/10 [=====>........................] - ETA: 26s - loss: 4.4791 - acc: 0.0325
 3/10 [========>.....................] - ETA: 22s - loss: 4.4933 - acc: 0.0283
 4/10 [===========>..................] - ETA: 17s - loss: 4.5329 - acc: 0.0287
 5/10 [==============>...............] - ETA: 14s - loss: 4.5187 - acc: 0.0300
 6/10 [=================>............] - ETA: 11s - loss: 4.4997 - acc: 0.0300
 7/10 [====================>.........] - ETA: 8s - loss: 4.4951 - acc: 0.0286 
 8/10 [=======================>......] - ETA: 5s - loss: 4.4982 - acc: 0.0256
 9/10 [==========================>...] - ETA: 2s - loss: 4.4975 - acc: 0.0256
10/10 [==============================] - 26s 3s/step - loss: 4.4975 - acc: 0.0255 - val_loss: 4.4374 - val_acc: 0.0350
Epoch 50/50

 1/10 [==>...........................] - ETA: 27s - loss: 4.5007 - acc: 0.0400
 2/10 [=====>........................] - ETA: 26s - loss: 4.5404 - acc: 0.0200
 3/10 [========>.....................] - ETA: 22s - loss: 4.5160 - acc: 0.0200
 4/10 [===========>..................] - ETA: 18s - loss: 4.4856 - acc: 0.0225
 5/10 [==============>...............] - ETA: 14s - loss: 4.4778 - acc: 0.0220
 6/10 [=================>............] - ETA: 11s - loss: 4.4632 - acc: 0.0242
 7/10 [====================>.........] - ETA: 8s - loss: 4.4583 - acc: 0.0236 
 8/10 [=======================>......] - ETA: 5s - loss: 4.4604 - acc: 0.0244
 9/10 [==========================>...] - ETA: 2s - loss: 4.4660 - acc: 0.0272
10/10 [==============================] - 26s 3s/step - loss: 4.4701 - acc: 0.0280 - val_loss: 4.3996 - val_acc: 0.0387
