Using TensorFlow backend.
2018-11-23 11:36:39.629829: I tensorflow/core/platform/cpu_feature_guard.cc:141] Your CPU supports instructions that this TensorFlow binary was not compiled to use: AVX2 FMA
2018-11-23 11:36:39.936108: I tensorflow/core/common_runtime/gpu/gpu_device.cc:1432] Found device 0 with properties: 
name: Tesla K20m major: 3 minor: 5 memoryClockRate(GHz): 0.7055
pciBusID: 0000:02:00.0
totalMemory: 4.63GiB freeMemory: 4.56GiB
2018-11-23 11:36:40.121437: I tensorflow/core/common_runtime/gpu/gpu_device.cc:1432] Found device 1 with properties: 
name: Tesla K20m major: 3 minor: 5 memoryClockRate(GHz): 0.7055
pciBusID: 0000:05:00.0
totalMemory: 4.63GiB freeMemory: 4.56GiB
2018-11-23 11:36:40.121884: I tensorflow/core/common_runtime/gpu/gpu_device.cc:1511] Adding visible gpu devices: 0, 1
2018-11-23 11:36:46.322490: I tensorflow/core/common_runtime/gpu/gpu_device.cc:982] Device interconnect StreamExecutor with strength 1 edge matrix:
2018-11-23 11:36:46.323188: I tensorflow/core/common_runtime/gpu/gpu_device.cc:988]      0 1 
2018-11-23 11:36:46.323200: I tensorflow/core/common_runtime/gpu/gpu_device.cc:1001] 0:   N Y 
2018-11-23 11:36:46.323206: I tensorflow/core/common_runtime/gpu/gpu_device.cc:1001] 1:   Y N 
2018-11-23 11:36:46.323618: I tensorflow/core/common_runtime/gpu/gpu_device.cc:1115] Created TensorFlow device (/job:localhost/replica:0/task:0/device:GPU:0 with 4326 MB memory) -> physical GPU (device: 0, name: Tesla K20m, pci bus id: 0000:02:00.0, compute capability: 3.5)
2018-11-23 11:36:46.324170: I tensorflow/core/common_runtime/gpu/gpu_device.cc:1115] Created TensorFlow device (/job:localhost/replica:0/task:0/device:GPU:1 with 4326 MB memory) -> physical GPU (device: 1, name: Tesla K20m, pci bus id: 0000:05:00.0, compute capability: 3.5)
2018-11-23 11:36:50.272988: W tensorflow/core/common_runtime/bfc_allocator.cc:211] Allocator (GPU_0_bfc) ran out of memory trying to allocate 3.15GiB. The caller indicates that this is not a failure, but may mean that there could be performance gains if more memory were available.
2018-11-23 11:36:51.411943: W tensorflow/core/common_runtime/bfc_allocator.cc:211] Allocator (GPU_0_bfc) ran out of memory trying to allocate 3.97GiB. The caller indicates that this is not a failure, but may mean that there could be performance gains if more memory were available.
Found 12000 images belonging to 120 classes.
Found 8580 images belonging to 120 classes.
Epoch 1/50

 1/10 [==>...........................] - ETA: 2:54 - loss: 4.7916 - acc: 0.0000e+00
 2/10 [=====>........................] - ETA: 1:28 - loss: 5.1170 - acc: 0.0075    
 3/10 [========>.....................] - ETA: 1:11 - loss: 5.0202 - acc: 0.0050
 4/10 [===========>..................] - ETA: 58s - loss: 4.9632 - acc: 0.0037 
 5/10 [==============>...............] - ETA: 47s - loss: 4.9285 - acc: 0.0030
 6/10 [=================>............] - ETA: 37s - loss: 4.9051 - acc: 0.0033
 7/10 [====================>.........] - ETA: 27s - loss: 4.8882 - acc: 0.0029
 8/10 [=======================>......] - ETA: 17s - loss: 4.8755 - acc: 0.0037
 9/10 [==========================>...] - ETA: 8s - loss: 4.8660 - acc: 0.0033 
10/10 [==============================] - 86s 9s/step - loss: 4.8582 - acc: 0.0030 - val_loss: 4.7867 - val_acc: 0.0087
Epoch 2/50

 1/10 [==>...........................] - ETA: 1:05 - loss: 4.7841 - acc: 0.0250
 2/10 [=====>........................] - ETA: 1:01 - loss: 4.7877 - acc: 0.0225
 3/10 [========>.....................] - ETA: 53s - loss: 4.7874 - acc: 0.0167 
 4/10 [===========>..................] - ETA: 46s - loss: 4.7884 - acc: 0.0137
 5/10 [==============>...............] - ETA: 39s - loss: 4.7881 - acc: 0.0120
 6/10 [=================>............] - ETA: 31s - loss: 4.7878 - acc: 0.0100
 7/10 [====================>.........] - ETA: 23s - loss: 4.7882 - acc: 0.0100
 8/10 [=======================>......] - ETA: 15s - loss: 4.7882 - acc: 0.0094
 9/10 [==========================>...] - ETA: 7s - loss: 4.7877 - acc: 0.0094 
10/10 [==============================] - 80s 8s/step - loss: 4.7879 - acc: 0.0100 - val_loss: 4.7892 - val_acc: 0.0163
Epoch 3/50

 1/10 [==>...........................] - ETA: 1:09 - loss: 4.7932 - acc: 0.0050
 2/10 [=====>........................] - ETA: 1:01 - loss: 4.7904 - acc: 0.0075
 3/10 [========>.....................] - ETA: 54s - loss: 4.7893 - acc: 0.0067 
 4/10 [===========>..................] - ETA: 47s - loss: 4.7894 - acc: 0.0087
 5/10 [==============>...............] - ETA: 40s - loss: 4.7890 - acc: 0.0090
 6/10 [=================>............] - ETA: 32s - loss: 4.7888 - acc: 0.0100
 7/10 [====================>.........] - ETA: 24s - loss: 4.7882 - acc: 0.0093
 8/10 [=======================>......] - ETA: 16s - loss: 4.7877 - acc: 0.0081
 9/10 [==========================>...] - ETA: 8s - loss: 4.7879 - acc: 0.0078 
10/10 [==============================] - 83s 8s/step - loss: 4.7870 - acc: 0.0075 - val_loss: 4.8037 - val_acc: 0.0100
Epoch 4/50

 1/10 [==>...........................] - ETA: 1:09 - loss: 4.7999 - acc: 0.0100
 2/10 [=====>........................] - ETA: 1:01 - loss: 4.7944 - acc: 0.0125
 3/10 [========>.....................] - ETA: 54s - loss: 4.7953 - acc: 0.0100 
 4/10 [===========>..................] - ETA: 47s - loss: 4.7942 - acc: 0.0075
 5/10 [==============>...............] - ETA: 39s - loss: 4.7930 - acc: 0.0070
 6/10 [=================>............] - ETA: 31s - loss: 4.7921 - acc: 0.0058
 7/10 [====================>.........] - ETA: 23s - loss: 4.7917 - acc: 0.0057
 8/10 [=======================>......] - ETA: 16s - loss: 4.7911 - acc: 0.0062
 9/10 [==========================>...] - ETA: 8s - loss: 4.7907 - acc: 0.0056 
10/10 [==============================] - 83s 8s/step - loss: 4.7902 - acc: 0.0050 - val_loss: 4.7922 - val_acc: 0.0087
Epoch 5/50

 1/10 [==>...........................] - ETA: 1:04 - loss: 4.7900 - acc: 0.0000e+00
 2/10 [=====>........................] - ETA: 59s - loss: 4.7885 - acc: 0.0075     
 3/10 [========>.....................] - ETA: 53s - loss: 4.7880 - acc: 0.0067
 4/10 [===========>..................] - ETA: 46s - loss: 4.7889 - acc: 0.0075
 5/10 [==============>...............] - ETA: 39s - loss: 4.7888 - acc: 0.0070
 6/10 [=================>............] - ETA: 31s - loss: 4.7887 - acc: 0.0083
 7/10 [====================>.........] - ETA: 23s - loss: 4.7881 - acc: 0.0071
 8/10 [=======================>......] - ETA: 16s - loss: 4.7879 - acc: 0.0075
 9/10 [==========================>...] - ETA: 8s - loss: 4.7883 - acc: 0.0083 
10/10 [==============================] - 82s 8s/step - loss: 4.7880 - acc: 0.0085 - val_loss: 4.7883 - val_acc: 0.0087
Epoch 6/50

 1/10 [==>...........................] - ETA: 1:09 - loss: 4.7836 - acc: 0.0150
 2/10 [=====>........................] - ETA: 1:02 - loss: 4.7964 - acc: 0.0125
 3/10 [========>.....................] - ETA: 54s - loss: 4.7930 - acc: 0.0133 
 4/10 [===========>..................] - ETA: 47s - loss: 4.7919 - acc: 0.0112
 5/10 [==============>...............] - ETA: 39s - loss: 4.7911 - acc: 0.0090
 6/10 [=================>............] - ETA: 32s - loss: 4.7910 - acc: 0.0075
 7/10 [====================>.........] - ETA: 24s - loss: 4.7902 - acc: 0.0071
 8/10 [=======================>......] - ETA: 16s - loss: 4.7901 - acc: 0.0062
 9/10 [==========================>...] - ETA: 8s - loss: 4.7900 - acc: 0.0067 
10/10 [==============================] - 82s 8s/step - loss: 4.7889 - acc: 0.0085 - val_loss: 4.7983 - val_acc: 0.0075
Epoch 7/50

 1/10 [==>...........................] - ETA: 22s - loss: 4.7950 - acc: 0.0100
 2/10 [=====>........................] - ETA: 20s - loss: 4.7904 - acc: 0.0075
 3/10 [========>.....................] - ETA: 18s - loss: 4.7892 - acc: 0.0067
 4/10 [===========>..................] - ETA: 15s - loss: 4.7881 - acc: 0.0075
 5/10 [==============>...............] - ETA: 13s - loss: 4.7890 - acc: 0.0060
 6/10 [=================>............] - ETA: 10s - loss: 4.7887 - acc: 0.0058
 7/10 [====================>.........] - ETA: 7s - loss: 4.7891 - acc: 0.0057 
 8/10 [=======================>......] - ETA: 5s - loss: 4.7892 - acc: 0.0056
 9/10 [==========================>...] - ETA: 2s - loss: 4.7890 - acc: 0.0056
10/10 [==============================] - 27s 3s/step - loss: 4.7888 - acc: 0.0065 - val_loss: 4.7881 - val_acc: 0.0087
Epoch 8/50

 1/10 [==>...........................] - ETA: 20s - loss: 4.7884 - acc: 0.0050
 2/10 [=====>........................] - ETA: 20s - loss: 4.7870 - acc: 0.0075
 3/10 [========>.....................] - ETA: 18s - loss: 4.7877 - acc: 0.0067
 4/10 [===========>..................] - ETA: 15s - loss: 4.7874 - acc: 0.0050
 5/10 [==============>...............] - ETA: 13s - loss: 4.7873 - acc: 0.0040
 6/10 [=================>............] - ETA: 10s - loss: 4.7863 - acc: 0.0067
 7/10 [====================>.........] - ETA: 7s - loss: 4.7897 - acc: 0.0086 
 8/10 [=======================>......] - ETA: 5s - loss: 4.7896 - acc: 0.0081
 9/10 [==========================>...] - ETA: 2s - loss: 4.7890 - acc: 0.0078
10/10 [==============================] - 27s 3s/step - loss: 4.7888 - acc: 0.0075 - val_loss: 4.7860 - val_acc: 0.0112
Epoch 9/50

 1/10 [==>...........................] - ETA: 22s - loss: 4.7899 - acc: 0.0100
 2/10 [=====>........................] - ETA: 20s - loss: 4.7866 - acc: 0.0100
 3/10 [========>.....................] - ETA: 17s - loss: 4.7857 - acc: 0.0133
 4/10 [===========>..................] - ETA: 15s - loss: 4.7913 - acc: 0.0125
 5/10 [==============>...............] - ETA: 13s - loss: 4.7904 - acc: 0.0140
 6/10 [=================>............] - ETA: 10s - loss: 4.7901 - acc: 0.0117
 7/10 [====================>.........] - ETA: 7s - loss: 4.7896 - acc: 0.0129 
 8/10 [=======================>......] - ETA: 5s - loss: 4.7889 - acc: 0.0131
 9/10 [==========================>...] - ETA: 2s - loss: 4.7883 - acc: 0.0117
10/10 [==============================] - 27s 3s/step - loss: 4.7882 - acc: 0.0120 - val_loss: 4.7858 - val_acc: 0.0075
Epoch 10/50

 1/10 [==>...........................] - ETA: 27s - loss: 4.7855 - acc: 0.0100
 2/10 [=====>........................] - ETA: 26s - loss: 4.7873 - acc: 0.0175
 3/10 [========>.....................] - ETA: 22s - loss: 4.7865 - acc: 0.0133
 4/10 [===========>..................] - ETA: 18s - loss: 4.7848 - acc: 0.0125
 5/10 [==============>...............] - ETA: 14s - loss: 4.7843 - acc: 0.0130
 6/10 [=================>............] - ETA: 11s - loss: 4.7842 - acc: 0.0117
 7/10 [====================>.........] - ETA: 8s - loss: 4.7843 - acc: 0.0114 
 8/10 [=======================>......] - ETA: 5s - loss: 4.7846 - acc: 0.0125
 9/10 [==========================>...] - ETA: 2s - loss: 4.7876 - acc: 0.0111
10/10 [==============================] - 27s 3s/step - loss: 4.7874 - acc: 0.0125 - val_loss: 4.7835 - val_acc: 0.0037
Epoch 11/50

 1/10 [==>...........................] - ETA: 27s - loss: 4.7814 - acc: 0.0250
 2/10 [=====>........................] - ETA: 27s - loss: 4.7890 - acc: 0.0150
 3/10 [========>.....................] - ETA: 22s - loss: 4.7890 - acc: 0.0100
 4/10 [===========>..................] - ETA: 18s - loss: 4.7875 - acc: 0.0112
 5/10 [==============>...............] - ETA: 14s - loss: 4.7852 - acc: 0.0110
 6/10 [=================>............] - ETA: 11s - loss: 4.7898 - acc: 0.0108
 7/10 [====================>.........] - ETA: 8s - loss: 4.7890 - acc: 0.0114 
 8/10 [=======================>......] - ETA: 5s - loss: 4.7888 - acc: 0.0112
 9/10 [==========================>...] - ETA: 2s - loss: 4.7890 - acc: 0.0106
10/10 [==============================] - 28s 3s/step - loss: 4.7883 - acc: 0.0100 - val_loss: 4.7853 - val_acc: 0.0115
Epoch 12/50

 1/10 [==>...........................] - ETA: 25s - loss: 4.7932 - acc: 0.0050
 2/10 [=====>........................] - ETA: 26s - loss: 4.7930 - acc: 0.0125
 3/10 [========>.....................] - ETA: 22s - loss: 4.7912 - acc: 0.0100
 4/10 [===========>..................] - ETA: 18s - loss: 4.7901 - acc: 0.0087
 5/10 [==============>...............] - ETA: 14s - loss: 4.7897 - acc: 0.0080
 6/10 [=================>............] - ETA: 11s - loss: 4.7886 - acc: 0.0075
 7/10 [====================>.........] - ETA: 8s - loss: 4.7879 - acc: 0.0093 
 8/10 [=======================>......] - ETA: 5s - loss: 4.7873 - acc: 0.0094
 9/10 [==========================>...] - ETA: 2s - loss: 4.7876 - acc: 0.0089
10/10 [==============================] - 27s 3s/step - loss: 4.7874 - acc: 0.0080 - val_loss: 4.7802 - val_acc: 0.0137
Epoch 13/50

 1/10 [==>...........................] - ETA: 28s - loss: 4.7781 - acc: 0.0150
 2/10 [=====>........................] - ETA: 27s - loss: 4.7786 - acc: 0.0200
 3/10 [========>.....................] - ETA: 22s - loss: 4.7788 - acc: 0.0150
 4/10 [===========>..................] - ETA: 18s - loss: 4.7822 - acc: 0.0137
 5/10 [==============>...............] - ETA: 14s - loss: 4.7834 - acc: 0.0140
 6/10 [=================>............] - ETA: 11s - loss: 4.7806 - acc: 0.0142
 7/10 [====================>.........] - ETA: 8s - loss: 4.7804 - acc: 0.0143 
 8/10 [=======================>......] - ETA: 5s - loss: 4.7801 - acc: 0.0150
 9/10 [==========================>...] - ETA: 2s - loss: 4.7804 - acc: 0.0156
10/10 [==============================] - 27s 3s/step - loss: 4.7802 - acc: 0.0155 - val_loss: 4.7790 - val_acc: 0.0125
Epoch 14/50

 1/10 [==>...........................] - ETA: 27s - loss: 4.7851 - acc: 0.0100
 2/10 [=====>........................] - ETA: 26s - loss: 4.7833 - acc: 0.0075
 3/10 [========>.....................] - ETA: 22s - loss: 4.7838 - acc: 0.0117
 4/10 [===========>..................] - ETA: 18s - loss: 4.7814 - acc: 0.0100
 5/10 [==============>...............] - ETA: 14s - loss: 4.7824 - acc: 0.0130
 6/10 [=================>............] - ETA: 11s - loss: 4.7809 - acc: 0.0125
 7/10 [====================>.........] - ETA: 8s - loss: 4.7810 - acc: 0.0114 
 8/10 [=======================>......] - ETA: 5s - loss: 4.7826 - acc: 0.0119
 9/10 [==========================>...] - ETA: 2s - loss: 4.7822 - acc: 0.0106
10/10 [==============================] - 27s 3s/step - loss: 4.7812 - acc: 0.0095 - val_loss: 4.7697 - val_acc: 0.0225
Epoch 15/50

 1/10 [==>...........................] - ETA: 26s - loss: 4.7682 - acc: 0.0250
 2/10 [=====>........................] - ETA: 26s - loss: 4.7743 - acc: 0.0175
 3/10 [========>.....................] - ETA: 22s - loss: 4.7775 - acc: 0.0117
 4/10 [===========>..................] - ETA: 18s - loss: 4.7747 - acc: 0.0125
 5/10 [==============>...............] - ETA: 14s - loss: 4.7757 - acc: 0.0130
 6/10 [=================>............] - ETA: 11s - loss: 4.7763 - acc: 0.0125
 7/10 [====================>.........] - ETA: 8s - loss: 4.7773 - acc: 0.0129 
 8/10 [=======================>......] - ETA: 5s - loss: 4.7774 - acc: 0.0131
 9/10 [==========================>...] - ETA: 2s - loss: 4.7774 - acc: 0.0122
10/10 [==============================] - 27s 3s/step - loss: 4.7770 - acc: 0.0135 - val_loss: 4.7753 - val_acc: 0.0125
Epoch 16/50

 1/10 [==>...........................] - ETA: 30s - loss: 4.7595 - acc: 0.0050
 2/10 [=====>........................] - ETA: 27s - loss: 4.7670 - acc: 0.0150
 3/10 [========>.....................] - ETA: 23s - loss: 4.7765 - acc: 0.0150
 4/10 [===========>..................] - ETA: 18s - loss: 4.7733 - acc: 0.0137
 5/10 [==============>...............] - ETA: 14s - loss: 4.7719 - acc: 0.0170
 6/10 [=================>............] - ETA: 11s - loss: 4.7730 - acc: 0.0158
 7/10 [====================>.........] - ETA: 8s - loss: 4.7704 - acc: 0.0164 
 8/10 [=======================>......] - ETA: 5s - loss: 4.7692 - acc: 0.0156
 9/10 [==========================>...] - ETA: 2s - loss: 4.7683 - acc: 0.0172
10/10 [==============================] - 27s 3s/step - loss: 4.7672 - acc: 0.0160 - val_loss: 4.7625 - val_acc: 0.0200
Epoch 17/50

 1/10 [==>...........................] - ETA: 27s - loss: 4.7860 - acc: 0.0150
 2/10 [=====>........................] - ETA: 26s - loss: 4.7777 - acc: 0.0150
 3/10 [========>.....................] - ETA: 23s - loss: 4.7711 - acc: 0.0133
 4/10 [===========>..................] - ETA: 18s - loss: 4.7685 - acc: 0.0200
 5/10 [==============>...............] - ETA: 14s - loss: 4.7668 - acc: 0.0180
 6/10 [=================>............] - ETA: 11s - loss: 4.7657 - acc: 0.0158
 7/10 [====================>.........] - ETA: 8s - loss: 4.7674 - acc: 0.0157 
 8/10 [=======================>......] - ETA: 5s - loss: 4.7708 - acc: 0.0156
 9/10 [==========================>...] - ETA: 2s - loss: 4.7721 - acc: 0.0144
10/10 [==============================] - 27s 3s/step - loss: 4.7695 - acc: 0.0155 - val_loss: 4.7478 - val_acc: 0.0200
Epoch 18/50

 1/10 [==>...........................] - ETA: 26s - loss: 4.7437 - acc: 0.0200
 2/10 [=====>........................] - ETA: 25s - loss: 4.7593 - acc: 0.0150
 3/10 [========>.....................] - ETA: 23s - loss: 4.7584 - acc: 0.0150
 4/10 [===========>..................] - ETA: 18s - loss: 4.7550 - acc: 0.0162
 5/10 [==============>...............] - ETA: 14s - loss: 4.7507 - acc: 0.0160
 6/10 [=================>............] - ETA: 11s - loss: 4.7549 - acc: 0.0150
 7/10 [====================>.........] - ETA: 8s - loss: 4.7504 - acc: 0.0150 
 8/10 [=======================>......] - ETA: 5s - loss: 4.7520 - acc: 0.0150
 9/10 [==========================>...] - ETA: 2s - loss: 4.7517 - acc: 0.0150
10/10 [==============================] - 27s 3s/step - loss: 4.7531 - acc: 0.0135 - val_loss: 4.7441 - val_acc: 0.0225
Epoch 19/50

 1/10 [==>...........................] - ETA: 27s - loss: 4.7380 - acc: 0.0200
 2/10 [=====>........................] - ETA: 26s - loss: 4.7523 - acc: 0.0225
 3/10 [========>.....................] - ETA: 22s - loss: 4.7525 - acc: 0.0183
 4/10 [===========>..................] - ETA: 18s - loss: 4.7553 - acc: 0.0162
 5/10 [==============>...............] - ETA: 14s - loss: 4.7522 - acc: 0.0150
 6/10 [=================>............] - ETA: 11s - loss: 4.7530 - acc: 0.0158
 7/10 [====================>.........] - ETA: 8s - loss: 4.7518 - acc: 0.0150 
 8/10 [=======================>......] - ETA: 5s - loss: 4.7497 - acc: 0.0144
 9/10 [==========================>...] - ETA: 2s - loss: 4.7509 - acc: 0.0128
10/10 [==============================] - 27s 3s/step - loss: 4.7513 - acc: 0.0135 - val_loss: 4.7367 - val_acc: 0.0125
Epoch 20/50

 1/10 [==>...........................] - ETA: 27s - loss: 4.7436 - acc: 0.0050
 2/10 [=====>........................] - ETA: 26s - loss: 4.7470 - acc: 0.0100
 3/10 [========>.....................] - ETA: 23s - loss: 4.7280 - acc: 0.0183
 4/10 [===========>..................] - ETA: 18s - loss: 4.7398 - acc: 0.0150
 5/10 [==============>...............] - ETA: 14s - loss: 4.7416 - acc: 0.0160
 6/10 [=================>............] - ETA: 11s - loss: 4.7388 - acc: 0.0175
 7/10 [====================>.........] - ETA: 8s - loss: 4.7385 - acc: 0.0186 
 8/10 [=======================>......] - ETA: 5s - loss: 4.7341 - acc: 0.0181
 9/10 [==========================>...] - ETA: 2s - loss: 4.7314 - acc: 0.0194
10/10 [==============================] - 27s 3s/step - loss: 4.7323 - acc: 0.0190 - val_loss: 4.6985 - val_acc: 0.0225
Epoch 21/50

 1/10 [==>...........................] - ETA: 27s - loss: 4.7346 - acc: 0.0250
 2/10 [=====>........................] - ETA: 26s - loss: 4.7575 - acc: 0.0150
 3/10 [========>.....................] - ETA: 22s - loss: 4.7478 - acc: 0.0183
 4/10 [===========>..................] - ETA: 18s - loss: 4.7476 - acc: 0.0212
 5/10 [==============>...............] - ETA: 14s - loss: 4.7430 - acc: 0.0190
 6/10 [=================>............] - ETA: 11s - loss: 4.7476 - acc: 0.0175
 7/10 [====================>.........] - ETA: 8s - loss: 4.7416 - acc: 0.0200 
 8/10 [=======================>......] - ETA: 5s - loss: 4.7425 - acc: 0.0187
 9/10 [==========================>...] - ETA: 2s - loss: 4.7411 - acc: 0.0189
10/10 [==============================] - 27s 3s/step - loss: 4.7369 - acc: 0.0180 - val_loss: 4.6954 - val_acc: 0.0225
Epoch 22/50

 1/10 [==>...........................] - ETA: 27s - loss: 4.6962 - acc: 0.0200
 2/10 [=====>........................] - ETA: 26s - loss: 4.7005 - acc: 0.0150
 3/10 [========>.....................] - ETA: 23s - loss: 4.7001 - acc: 0.0150
 4/10 [===========>..................] - ETA: 18s - loss: 4.7313 - acc: 0.0125
 5/10 [==============>...............] - ETA: 14s - loss: 4.7232 - acc: 0.0150
 6/10 [=================>............] - ETA: 11s - loss: 4.7176 - acc: 0.0158
 7/10 [====================>.........] - ETA: 8s - loss: 4.7183 - acc: 0.0157 
 8/10 [=======================>......] - ETA: 5s - loss: 4.7221 - acc: 0.0156
 9/10 [==========================>...] - ETA: 2s - loss: 4.7227 - acc: 0.0167
10/10 [==============================] - 27s 3s/step - loss: 4.7154 - acc: 0.0195 - val_loss: 4.6754 - val_acc: 0.0218
Epoch 23/50

 1/10 [==>...........................] - ETA: 29s - loss: 4.7024 - acc: 0.0150
 2/10 [=====>........................] - ETA: 28s - loss: 4.7286 - acc: 0.0150
 3/10 [========>.....................] - ETA: 23s - loss: 4.7186 - acc: 0.0217
 4/10 [===========>..................] - ETA: 18s - loss: 4.7198 - acc: 0.0237
 5/10 [==============>...............] - ETA: 14s - loss: 4.7112 - acc: 0.0220
 6/10 [=================>............] - ETA: 11s - loss: 4.7120 - acc: 0.0208
 7/10 [====================>.........] - ETA: 8s - loss: 4.7079 - acc: 0.0207 
 8/10 [=======================>......] - ETA: 5s - loss: 4.7011 - acc: 0.0194
 9/10 [==========================>...] - ETA: 2s - loss: 4.6946 - acc: 0.0211
10/10 [==============================] - 27s 3s/step - loss: 4.7027 - acc: 0.0205 - val_loss: 4.6677 - val_acc: 0.0325
Epoch 24/50

 1/10 [==>...........................] - ETA: 28s - loss: 4.6888 - acc: 0.0200
 2/10 [=====>........................] - ETA: 27s - loss: 4.7138 - acc: 0.0150
 3/10 [========>.....................] - ETA: 23s - loss: 4.6940 - acc: 0.0200
 4/10 [===========>..................] - ETA: 18s - loss: 4.6748 - acc: 0.0212
 5/10 [==============>...............] - ETA: 14s - loss: 4.6772 - acc: 0.0200
 6/10 [=================>............] - ETA: 11s - loss: 4.6863 - acc: 0.0208
 7/10 [====================>.........] - ETA: 8s - loss: 4.6919 - acc: 0.0214 
 8/10 [=======================>......] - ETA: 5s - loss: 4.6945 - acc: 0.0225
 9/10 [==========================>...] - ETA: 2s - loss: 4.6933 - acc: 0.0211
10/10 [==============================] - 27s 3s/step - loss: 4.6886 - acc: 0.0205 - val_loss: 4.6322 - val_acc: 0.0212
Epoch 25/50

 1/10 [==>...........................] - ETA: 26s - loss: 4.5992 - acc: 0.0150
 2/10 [=====>........................] - ETA: 25s - loss: 4.6419 - acc: 0.0225
 3/10 [========>.....................] - ETA: 22s - loss: 4.6788 - acc: 0.0217
 4/10 [===========>..................] - ETA: 18s - loss: 4.6895 - acc: 0.0200
 5/10 [==============>...............] - ETA: 14s - loss: 4.6984 - acc: 0.0180
 6/10 [=================>............] - ETA: 11s - loss: 4.6945 - acc: 0.0192
 7/10 [====================>.........] - ETA: 8s - loss: 4.6894 - acc: 0.0193 
 8/10 [=======================>......] - ETA: 5s - loss: 4.6852 - acc: 0.0212
 9/10 [==========================>...] - ETA: 2s - loss: 4.6795 - acc: 0.0222
10/10 [==============================] - 27s 3s/step - loss: 4.6786 - acc: 0.0205 - val_loss: 4.6450 - val_acc: 0.0162
Epoch 26/50

 1/10 [==>...........................] - ETA: 28s - loss: 4.6583 - acc: 0.0200
 2/10 [=====>........................] - ETA: 26s - loss: 4.6674 - acc: 0.0225
 3/10 [========>.....................] - ETA: 23s - loss: 4.6660 - acc: 0.0200
 4/10 [===========>..................] - ETA: 18s - loss: 4.6712 - acc: 0.0212
 5/10 [==============>...............] - ETA: 14s - loss: 4.6639 - acc: 0.0220
 6/10 [=================>............] - ETA: 11s - loss: 4.6635 - acc: 0.0200
 7/10 [====================>.........] - ETA: 8s - loss: 4.6597 - acc: 0.0200 
 8/10 [=======================>......] - ETA: 5s - loss: 4.6496 - acc: 0.0219
 9/10 [==========================>...] - ETA: 2s - loss: 4.6532 - acc: 0.0200
10/10 [==============================] - 26s 3s/step - loss: 4.6601 - acc: 0.0195 - val_loss: 4.6311 - val_acc: 0.0212
Epoch 27/50

 1/10 [==>...........................] - ETA: 26s - loss: 4.6466 - acc: 0.0100
 2/10 [=====>........................] - ETA: 26s - loss: 4.6564 - acc: 0.0150
 3/10 [========>.....................] - ETA: 23s - loss: 4.6416 - acc: 0.0150
 4/10 [===========>..................] - ETA: 18s - loss: 4.6575 - acc: 0.0137
 5/10 [==============>...............] - ETA: 14s - loss: 4.6647 - acc: 0.0150
 6/10 [=================>............] - ETA: 11s - loss: 4.6544 - acc: 0.0167
 7/10 [====================>.........] - ETA: 8s - loss: 4.6535 - acc: 0.0157 
 8/10 [=======================>......] - ETA: 5s - loss: 4.6583 - acc: 0.0144
 9/10 [==========================>...] - ETA: 2s - loss: 4.6660 - acc: 0.0139
10/10 [==============================] - 27s 3s/step - loss: 4.6644 - acc: 0.0145 - val_loss: 4.6261 - val_acc: 0.0288
Epoch 28/50

 1/10 [==>...........................] - ETA: 31s - loss: 4.6112 - acc: 0.0350
 2/10 [=====>........................] - ETA: 27s - loss: 4.6139 - acc: 0.0325
 3/10 [========>.....................] - ETA: 23s - loss: 4.6127 - acc: 0.0333
 4/10 [===========>..................] - ETA: 18s - loss: 4.6170 - acc: 0.0287
 5/10 [==============>...............] - ETA: 14s - loss: 4.6159 - acc: 0.0300
 6/10 [=================>............] - ETA: 11s - loss: 4.6207 - acc: 0.0283
 7/10 [====================>.........] - ETA: 8s - loss: 4.6357 - acc: 0.0264 
 8/10 [=======================>......] - ETA: 5s - loss: 4.6446 - acc: 0.0256
 9/10 [==========================>...] - ETA: 2s - loss: 4.6456 - acc: 0.0283
10/10 [==============================] - 27s 3s/step - loss: 4.6450 - acc: 0.0280 - val_loss: 4.5933 - val_acc: 0.0313
Epoch 29/50

 1/10 [==>...........................] - ETA: 27s - loss: 4.6385 - acc: 0.0150
 2/10 [=====>........................] - ETA: 27s - loss: 4.6417 - acc: 0.0225
 3/10 [========>.....................] - ETA: 22s - loss: 4.6191 - acc: 0.0217
 4/10 [===========>..................] - ETA: 18s - loss: 4.6302 - acc: 0.0200
 5/10 [==============>...............] - ETA: 14s - loss: 4.6303 - acc: 0.0200
 6/10 [=================>............] - ETA: 11s - loss: 4.6296 - acc: 0.0200
 7/10 [====================>.........] - ETA: 8s - loss: 4.6370 - acc: 0.0207 
 8/10 [=======================>......] - ETA: 5s - loss: 4.6346 - acc: 0.0231
 9/10 [==========================>...] - ETA: 2s - loss: 4.6320 - acc: 0.0239
10/10 [==============================] - 27s 3s/step - loss: 4.6316 - acc: 0.0230 - val_loss: 4.5728 - val_acc: 0.0275
Epoch 30/50

 1/10 [==>...........................] - ETA: 28s - loss: 4.5641 - acc: 0.0450
 2/10 [=====>........................] - ETA: 26s - loss: 4.5653 - acc: 0.0375
 3/10 [========>.....................] - ETA: 23s - loss: 4.5922 - acc: 0.0350
 4/10 [===========>..................] - ETA: 18s - loss: 4.6044 - acc: 0.0350
 5/10 [==============>...............] - ETA: 14s - loss: 4.6064 - acc: 0.0340
 6/10 [=================>............] - ETA: 11s - loss: 4.6073 - acc: 0.0333
 7/10 [====================>.........] - ETA: 8s - loss: 4.6155 - acc: 0.0321 
 8/10 [=======================>......] - ETA: 5s - loss: 4.6097 - acc: 0.0306
 9/10 [==========================>...] - ETA: 2s - loss: 4.6066 - acc: 0.0317
10/10 [==============================] - 27s 3s/step - loss: 4.6050 - acc: 0.0300 - val_loss: 4.6447 - val_acc: 0.0200
Epoch 31/50

 1/10 [==>...........................] - ETA: 27s - loss: 4.6086 - acc: 0.0350
 2/10 [=====>........................] - ETA: 26s - loss: 4.5972 - acc: 0.0275
 3/10 [========>.....................] - ETA: 22s - loss: 4.5787 - acc: 0.0233
 4/10 [===========>..................] - ETA: 17s - loss: 4.5856 - acc: 0.0262
 5/10 [==============>...............] - ETA: 14s - loss: 4.5917 - acc: 0.0260
 6/10 [=================>............] - ETA: 11s - loss: 4.6028 - acc: 0.0242
 7/10 [====================>.........] - ETA: 8s - loss: 4.6078 - acc: 0.0236 
 8/10 [=======================>......] - ETA: 5s - loss: 4.6065 - acc: 0.0256
 9/10 [==========================>...] - ETA: 2s - loss: 4.6030 - acc: 0.0244
10/10 [==============================] - 26s 3s/step - loss: 4.6005 - acc: 0.0240 - val_loss: 4.5455 - val_acc: 0.0300
Epoch 32/50

 1/10 [==>...........................] - ETA: 26s - loss: 4.5582 - acc: 0.0600
 2/10 [=====>........................] - ETA: 26s - loss: 4.5842 - acc: 0.0400
 3/10 [========>.....................] - ETA: 22s - loss: 4.5925 - acc: 0.0317
 4/10 [===========>..................] - ETA: 18s - loss: 4.5935 - acc: 0.0262
 5/10 [==============>...............] - ETA: 14s - loss: 4.6020 - acc: 0.0240
 6/10 [=================>............] - ETA: 11s - loss: 4.5983 - acc: 0.0225
 7/10 [====================>.........] - ETA: 8s - loss: 4.5968 - acc: 0.0214 
 8/10 [=======================>......] - ETA: 5s - loss: 4.5909 - acc: 0.0231
 9/10 [==========================>...] - ETA: 2s - loss: 4.5937 - acc: 0.0233
10/10 [==============================] - 27s 3s/step - loss: 4.5976 - acc: 0.0235 - val_loss: 4.5764 - val_acc: 0.0338
Epoch 33/50

 1/10 [==>...........................] - ETA: 28s - loss: 4.5911 - acc: 0.0150
 2/10 [=====>........................] - ETA: 26s - loss: 4.5931 - acc: 0.0150
 3/10 [========>.....................] - ETA: 23s - loss: 4.5835 - acc: 0.0233
 4/10 [===========>..................] - ETA: 18s - loss: 4.5930 - acc: 0.0212
 5/10 [==============>...............] - ETA: 14s - loss: 4.5974 - acc: 0.0190
 6/10 [=================>............] - ETA: 11s - loss: 4.5979 - acc: 0.0217
 7/10 [====================>.........] - ETA: 8s - loss: 4.5955 - acc: 0.0193 
 8/10 [=======================>......] - ETA: 5s - loss: 4.5960 - acc: 0.0194
 9/10 [==========================>...] - ETA: 2s - loss: 4.5995 - acc: 0.0200
10/10 [==============================] - 27s 3s/step - loss: 4.5980 - acc: 0.0195 - val_loss: 4.5537 - val_acc: 0.0256
Epoch 34/50

 1/10 [==>...........................] - ETA: 26s - loss: 4.5803 - acc: 0.0300
 2/10 [=====>........................] - ETA: 26s - loss: 4.5827 - acc: 0.0250
 3/10 [========>.....................] - ETA: 23s - loss: 4.5927 - acc: 0.0200
 4/10 [===========>..................] - ETA: 18s - loss: 4.5984 - acc: 0.0187
 5/10 [==============>...............] - ETA: 14s - loss: 4.5932 - acc: 0.0190
 6/10 [=================>............] - ETA: 11s - loss: 4.5968 - acc: 0.0192
 7/10 [====================>.........] - ETA: 8s - loss: 4.5935 - acc: 0.0207 
 8/10 [=======================>......] - ETA: 5s - loss: 4.5841 - acc: 0.0219
 9/10 [==========================>...] - ETA: 2s - loss: 4.5851 - acc: 0.0239
10/10 [==============================] - 27s 3s/step - loss: 4.5774 - acc: 0.0240 - val_loss: 4.5156 - val_acc: 0.0350
Epoch 35/50

 1/10 [==>...........................] - ETA: 27s - loss: 4.6078 - acc: 0.0350
 2/10 [=====>........................] - ETA: 27s - loss: 4.6511 - acc: 0.0200
 3/10 [========>.....................] - ETA: 22s - loss: 4.6114 - acc: 0.0233
 4/10 [===========>..................] - ETA: 18s - loss: 4.5963 - acc: 0.0212
 5/10 [==============>...............] - ETA: 14s - loss: 4.5711 - acc: 0.0220
 6/10 [=================>............] - ETA: 11s - loss: 4.5787 - acc: 0.0217
 7/10 [====================>.........] - ETA: 8s - loss: 4.5696 - acc: 0.0221 
 8/10 [=======================>......] - ETA: 5s - loss: 4.5727 - acc: 0.0212
 9/10 [==========================>...] - ETA: 2s - loss: 4.5749 - acc: 0.0217
10/10 [==============================] - 27s 3s/step - loss: 4.5836 - acc: 0.0210 - val_loss: 4.5310 - val_acc: 0.0312
Epoch 36/50

 1/10 [==>...........................] - ETA: 27s - loss: 4.5725 - acc: 0.0300
 2/10 [=====>........................] - ETA: 25s - loss: 4.5221 - acc: 0.0350
 3/10 [========>.....................] - ETA: 22s - loss: 4.5248 - acc: 0.0350
 4/10 [===========>..................] - ETA: 18s - loss: 4.5217 - acc: 0.0350
 5/10 [==============>...............] - ETA: 14s - loss: 4.5286 - acc: 0.0320
 6/10 [=================>............] - ETA: 11s - loss: 4.5342 - acc: 0.0333
 7/10 [====================>.........] - ETA: 8s - loss: 4.5382 - acc: 0.0321 
 8/10 [=======================>......] - ETA: 5s - loss: 4.5329 - acc: 0.0319
 9/10 [==========================>...] - ETA: 2s - loss: 4.5490 - acc: 0.0306
10/10 [==============================] - 27s 3s/step - loss: 4.5569 - acc: 0.0305 - val_loss: 4.5349 - val_acc: 0.0387
Epoch 37/50

 1/10 [==>...........................] - ETA: 28s - loss: 4.5464 - acc: 0.0250
 2/10 [=====>........................] - ETA: 26s - loss: 4.5095 - acc: 0.0350
 3/10 [========>.....................] - ETA: 23s - loss: 4.5023 - acc: 0.0300
 4/10 [===========>..................] - ETA: 18s - loss: 4.5160 - acc: 0.0288
 5/10 [==============>...............] - ETA: 14s - loss: 4.5295 - acc: 0.0270
 6/10 [=================>............] - ETA: 11s - loss: 4.5226 - acc: 0.0267
 7/10 [====================>.........] - ETA: 8s - loss: 4.5333 - acc: 0.0250 
 8/10 [=======================>......] - ETA: 5s - loss: 4.5345 - acc: 0.0250
 9/10 [==========================>...] - ETA: 2s - loss: 4.5319 - acc: 0.0256
10/10 [==============================] - 27s 3s/step - loss: 4.5222 - acc: 0.0290 - val_loss: 4.4300 - val_acc: 0.0387
Epoch 38/50

 1/10 [==>...........................] - ETA: 26s - loss: 4.4890 - acc: 0.0150
 2/10 [=====>........................] - ETA: 26s - loss: 4.4917 - acc: 0.0300
 3/10 [========>.....................] - ETA: 23s - loss: 4.4701 - acc: 0.0317
 4/10 [===========>..................] - ETA: 18s - loss: 4.4851 - acc: 0.0250
 5/10 [==============>...............] - ETA: 14s - loss: 4.4946 - acc: 0.0240
 6/10 [=================>............] - ETA: 11s - loss: 4.5007 - acc: 0.0267
 7/10 [====================>.........] - ETA: 8s - loss: 4.4933 - acc: 0.0271 
 8/10 [=======================>......] - ETA: 5s - loss: 4.4962 - acc: 0.0256
 9/10 [==========================>...] - ETA: 2s - loss: 4.5048 - acc: 0.0256
10/10 [==============================] - 27s 3s/step - loss: 4.5199 - acc: 0.0250 - val_loss: 4.5206 - val_acc: 0.0287
Epoch 39/50

 1/10 [==>...........................] - ETA: 28s - loss: 4.4992 - acc: 0.0300
 2/10 [=====>........................] - ETA: 27s - loss: 4.5143 - acc: 0.0300
 3/10 [========>.....................] - ETA: 23s - loss: 4.4710 - acc: 0.0400
 4/10 [===========>..................] - ETA: 18s - loss: 4.4966 - acc: 0.0400
 5/10 [==============>...............] - ETA: 14s - loss: 4.4890 - acc: 0.0400
 6/10 [=================>............] - ETA: 11s - loss: 4.5034 - acc: 0.0358
 7/10 [====================>.........] - ETA: 8s - loss: 4.5096 - acc: 0.0343 
 8/10 [=======================>......] - ETA: 5s - loss: 4.5125 - acc: 0.0344
 9/10 [==========================>...] - ETA: 2s - loss: 4.5209 - acc: 0.0344
10/10 [==============================] - 27s 3s/step - loss: 4.5222 - acc: 0.0335 - val_loss: 4.4764 - val_acc: 0.0375
Epoch 40/50

 1/10 [==>...........................] - ETA: 31s - loss: 4.5858 - acc: 0.0250
 2/10 [=====>........................] - ETA: 27s - loss: 4.5551 - acc: 0.0200
 3/10 [========>.....................] - ETA: 23s - loss: 4.5243 - acc: 0.0233
 4/10 [===========>..................] - ETA: 18s - loss: 4.5583 - acc: 0.0212
 5/10 [==============>...............] - ETA: 14s - loss: 4.5650 - acc: 0.0220
 6/10 [=================>............] - ETA: 11s - loss: 4.5627 - acc: 0.0242
 7/10 [====================>.........] - ETA: 8s - loss: 4.5604 - acc: 0.0236 
 8/10 [=======================>......] - ETA: 5s - loss: 4.5486 - acc: 0.0250
 9/10 [==========================>...] - ETA: 2s - loss: 4.5459 - acc: 0.0272
10/10 [==============================] - 27s 3s/step - loss: 4.5430 - acc: 0.0280 - val_loss: 4.4687 - val_acc: 0.0338
Epoch 41/50

 1/10 [==>...........................] - ETA: 28s - loss: 4.5859 - acc: 0.0300
 2/10 [=====>........................] - ETA: 27s - loss: 4.5718 - acc: 0.0250
 3/10 [========>.....................] - ETA: 23s - loss: 4.5498 - acc: 0.0233
 4/10 [===========>..................] - ETA: 18s - loss: 4.5587 - acc: 0.0237
 5/10 [==============>...............] - ETA: 14s - loss: 4.5585 - acc: 0.0260
 6/10 [=================>............] - ETA: 11s - loss: 4.5462 - acc: 0.0283
 7/10 [====================>.........] - ETA: 8s - loss: 4.5465 - acc: 0.0271 
 8/10 [=======================>......] - ETA: 5s - loss: 4.5448 - acc: 0.0262
 9/10 [==========================>...] - ETA: 2s - loss: 4.5402 - acc: 0.0278
10/10 [==============================] - 27s 3s/step - loss: 4.5363 - acc: 0.0295 - val_loss: 4.4376 - val_acc: 0.0262
Epoch 42/50

 1/10 [==>...........................] - ETA: 28s - loss: 4.4873 - acc: 0.0400
 2/10 [=====>........................] - ETA: 27s - loss: 4.4988 - acc: 0.0250
 3/10 [========>.....................] - ETA: 22s - loss: 4.4819 - acc: 0.0267
 4/10 [===========>..................] - ETA: 18s - loss: 4.4947 - acc: 0.0312
 5/10 [==============>...............] - ETA: 14s - loss: 4.4936 - acc: 0.0330
 6/10 [=================>............] - ETA: 11s - loss: 4.5064 - acc: 0.0300
 7/10 [====================>.........] - ETA: 8s - loss: 4.5046 - acc: 0.0293 
 8/10 [=======================>......] - ETA: 5s - loss: 4.5076 - acc: 0.0262
 9/10 [==========================>...] - ETA: 2s - loss: 4.5083 - acc: 0.0256
10/10 [==============================] - 27s 3s/step - loss: 4.5052 - acc: 0.0250 - val_loss: 4.4027 - val_acc: 0.0338
Epoch 43/50

 1/10 [==>...........................] - ETA: 26s - loss: 4.4580 - acc: 0.0350
 2/10 [=====>........................] - ETA: 25s - loss: 4.4979 - acc: 0.0375
 3/10 [========>.....................] - ETA: 23s - loss: 4.4926 - acc: 0.0333
 4/10 [===========>..................] - ETA: 18s - loss: 4.4811 - acc: 0.0387
 5/10 [==============>...............] - ETA: 14s - loss: 4.4705 - acc: 0.0370
 6/10 [=================>............] - ETA: 11s - loss: 4.4792 - acc: 0.0367
 7/10 [====================>.........] - ETA: 8s - loss: 4.4793 - acc: 0.0343 
 8/10 [=======================>......] - ETA: 5s - loss: 4.4857 - acc: 0.0356
 9/10 [==========================>...] - ETA: 2s - loss: 4.4895 - acc: 0.0350
10/10 [==============================] - 26s 3s/step - loss: 4.4875 - acc: 0.0345 - val_loss: 4.4485 - val_acc: 0.0359
Epoch 44/50

 1/10 [==>...........................] - ETA: 27s - loss: 4.4552 - acc: 0.0500
 2/10 [=====>........................] - ETA: 26s - loss: 4.4484 - acc: 0.0400
 3/10 [========>.....................] - ETA: 22s - loss: 4.4871 - acc: 0.0350
 4/10 [===========>..................] - ETA: 18s - loss: 4.4716 - acc: 0.0375
 5/10 [==============>...............] - ETA: 14s - loss: 4.4718 - acc: 0.0340
 6/10 [=================>............] - ETA: 11s - loss: 4.4797 - acc: 0.0342
 7/10 [====================>.........] - ETA: 8s - loss: 4.4782 - acc: 0.0321 
 8/10 [=======================>......] - ETA: 5s - loss: 4.4848 - acc: 0.0313
 9/10 [==========================>...] - ETA: 2s - loss: 4.4901 - acc: 0.0289
10/10 [==============================] - 27s 3s/step - loss: 4.4908 - acc: 0.0285 - val_loss: 4.4386 - val_acc: 0.0300
Epoch 45/50

 1/10 [==>...........................] - ETA: 28s - loss: 4.5390 - acc: 0.0150
 2/10 [=====>........................] - ETA: 26s - loss: 4.5811 - acc: 0.0150
 3/10 [========>.....................] - ETA: 22s - loss: 4.5691 - acc: 0.0150
 4/10 [===========>..................] - ETA: 18s - loss: 4.5494 - acc: 0.0200
 5/10 [==============>...............] - ETA: 14s - loss: 4.5285 - acc: 0.0210
 6/10 [=================>............] - ETA: 11s - loss: 4.5149 - acc: 0.0250
 7/10 [====================>.........] - ETA: 8s - loss: 4.5124 - acc: 0.0236 
 8/10 [=======================>......] - ETA: 5s - loss: 4.5037 - acc: 0.0263
 9/10 [==========================>...] - ETA: 2s - loss: 4.4975 - acc: 0.0261
10/10 [==============================] - 26s 3s/step - loss: 4.5041 - acc: 0.0250 - val_loss: 4.4212 - val_acc: 0.0388
Epoch 46/50

 1/10 [==>...........................] - ETA: 29s - loss: 4.3743 - acc: 0.0450
 2/10 [=====>........................] - ETA: 26s - loss: 4.4035 - acc: 0.0275
 3/10 [========>.....................] - ETA: 23s - loss: 4.4718 - acc: 0.0267
 4/10 [===========>..................] - ETA: 18s - loss: 4.4732 - acc: 0.0250
 5/10 [==============>...............] - ETA: 14s - loss: 4.4770 - acc: 0.0230
 6/10 [=================>............] - ETA: 11s - loss: 4.4608 - acc: 0.0242
 7/10 [====================>.........] - ETA: 8s - loss: 4.4809 - acc: 0.0250 
 8/10 [=======================>......] - ETA: 5s - loss: 4.4761 - acc: 0.0275
 9/10 [==========================>...] - ETA: 2s - loss: 4.4703 - acc: 0.0289
10/10 [==============================] - 27s 3s/step - loss: 4.4772 - acc: 0.0270 - val_loss: 4.4463 - val_acc: 0.0263
Epoch 47/50

 1/10 [==>...........................] - ETA: 28s - loss: 4.5229 - acc: 0.0200
 2/10 [=====>........................] - ETA: 27s - loss: 4.4716 - acc: 0.0275
 3/10 [========>.....................] - ETA: 23s - loss: 4.4895 - acc: 0.0283
 4/10 [===========>..................] - ETA: 18s - loss: 4.4776 - acc: 0.0225
 5/10 [==============>...............] - ETA: 14s - loss: 4.4697 - acc: 0.0240
 6/10 [=================>............] - ETA: 11s - loss: 4.4672 - acc: 0.0258
 7/10 [====================>.........] - ETA: 8s - loss: 4.4761 - acc: 0.0300 
 8/10 [=======================>......] - ETA: 5s - loss: 4.4786 - acc: 0.0312
 9/10 [==========================>...] - ETA: 2s - loss: 4.4835 - acc: 0.0294
10/10 [==============================] - 27s 3s/step - loss: 4.4789 - acc: 0.0310 - val_loss: 4.3958 - val_acc: 0.0513
Epoch 48/50

 1/10 [==>...........................] - ETA: 29s - loss: 4.3660 - acc: 0.0350
 2/10 [=====>........................] - ETA: 27s - loss: 4.3927 - acc: 0.0400
 3/10 [========>.....................] - ETA: 23s - loss: 4.3937 - acc: 0.0400
 4/10 [===========>..................] - ETA: 18s - loss: 4.4121 - acc: 0.0363
 5/10 [==============>...............] - ETA: 14s - loss: 4.4253 - acc: 0.0310
 6/10 [=================>............] - ETA: 11s - loss: 4.4263 - acc: 0.0300
 7/10 [====================>.........] - ETA: 8s - loss: 4.4289 - acc: 0.0314 
 8/10 [=======================>......] - ETA: 5s - loss: 4.4297 - acc: 0.0306
 9/10 [==========================>...] - ETA: 2s - loss: 4.4324 - acc: 0.0339
10/10 [==============================] - 27s 3s/step - loss: 4.4410 - acc: 0.0345 - val_loss: 4.3958 - val_acc: 0.0412
Epoch 49/50

 1/10 [==>...........................] - ETA: 26s - loss: 4.4298 - acc: 0.0300
 2/10 [=====>........................] - ETA: 26s - loss: 4.4126 - acc: 0.0350
 3/10 [========>.....................] - ETA: 23s - loss: 4.4005 - acc: 0.0300
 4/10 [===========>..................] - ETA: 18s - loss: 4.4060 - acc: 0.0312
 5/10 [==============>...............] - ETA: 14s - loss: 4.3817 - acc: 0.0320
 6/10 [=================>............] - ETA: 11s - loss: 4.3946 - acc: 0.0325
 7/10 [====================>.........] - ETA: 8s - loss: 4.3986 - acc: 0.0300 
 8/10 [=======================>......] - ETA: 5s - loss: 4.4061 - acc: 0.0300
 9/10 [==========================>...] - ETA: 2s - loss: 4.4096 - acc: 0.0317
10/10 [==============================] - 27s 3s/step - loss: 4.4003 - acc: 0.0340 - val_loss: 4.3395 - val_acc: 0.0300
Epoch 50/50

 1/10 [==>...........................] - ETA: 30s - loss: 4.4209 - acc: 0.0400
 2/10 [=====>........................] - ETA: 27s - loss: 4.4432 - acc: 0.0375
 3/10 [========>.....................] - ETA: 23s - loss: 4.4569 - acc: 0.0317
 4/10 [===========>..................] - ETA: 18s - loss: 4.4422 - acc: 0.0325
 5/10 [==============>...............] - ETA: 14s - loss: 4.4283 - acc: 0.0360
 6/10 [=================>............] - ETA: 11s - loss: 4.4351 - acc: 0.0342
 7/10 [====================>.........] - ETA: 8s - loss: 4.4184 - acc: 0.0357 
 8/10 [=======================>......] - ETA: 5s - loss: 4.4340 - acc: 0.0331
 9/10 [==========================>...] - ETA: 2s - loss: 4.4415 - acc: 0.0344
10/10 [==============================] - 27s 3s/step - loss: 4.4420 - acc: 0.0335 - val_loss: 4.3640 - val_acc: 0.0425
