Using TensorFlow backend.
2018-12-10 14:40:41.862875: I tensorflow/core/common_runtime/gpu/gpu_device.cc:1432] Found device 0 with properties: 
name: Tesla K20m major: 3 minor: 5 memoryClockRate(GHz): 0.7055
pciBusID: 0000:03:00.0
totalMemory: 4.63GiB freeMemory: 4.56GiB
2018-12-10 14:40:42.016287: I tensorflow/core/common_runtime/gpu/gpu_device.cc:1432] Found device 1 with properties: 
name: Tesla K20m major: 3 minor: 5 memoryClockRate(GHz): 0.7055
pciBusID: 0000:83:00.0
totalMemory: 4.63GiB freeMemory: 4.56GiB
2018-12-10 14:40:42.016371: I tensorflow/core/common_runtime/gpu/gpu_device.cc:1511] Adding visible gpu devices: 0, 1
2018-12-10 14:40:55.847855: I tensorflow/core/common_runtime/gpu/gpu_device.cc:982] Device interconnect StreamExecutor with strength 1 edge matrix:
2018-12-10 14:40:55.848837: I tensorflow/core/common_runtime/gpu/gpu_device.cc:988]      0 1 
2018-12-10 14:40:55.848853: I tensorflow/core/common_runtime/gpu/gpu_device.cc:1001] 0:   N N 
2018-12-10 14:40:55.848858: I tensorflow/core/common_runtime/gpu/gpu_device.cc:1001] 1:   N N 
2018-12-10 14:40:55.849172: I tensorflow/core/common_runtime/gpu/gpu_device.cc:1115] Created TensorFlow device (/job:localhost/replica:0/task:0/device:GPU:0 with 4326 MB memory) -> physical GPU (device: 0, name: Tesla K20m, pci bus id: 0000:03:00.0, compute capability: 3.5)
2018-12-10 14:40:55.849527: I tensorflow/core/common_runtime/gpu/gpu_device.cc:1115] Created TensorFlow device (/job:localhost/replica:0/task:0/device:GPU:1 with 4326 MB memory) -> physical GPU (device: 1, name: Tesla K20m, pci bus id: 0000:83:00.0, compute capability: 3.5)
Found 12000 images belonging to 120 classes.
Found 8580 images belonging to 120 classes.
Epoch 1/75
 - 315s - loss: 4.7729 - acc: 0.0142 - val_loss: 4.7163 - val_acc: 0.0126
Epoch 2/75
 - 237s - loss: 4.5652 - acc: 0.0258 - val_loss: 4.4984 - val_acc: 0.0317
Epoch 3/75
 - 239s - loss: 4.4091 - acc: 0.0346 - val_loss: 4.2532 - val_acc: 0.0490
Epoch 4/75
 - 238s - loss: 4.2779 - acc: 0.0475 - val_loss: 4.3332 - val_acc: 0.0452
Epoch 5/75
 - 245s - loss: 4.1677 - acc: 0.0567 - val_loss: 4.4861 - val_acc: 0.0463
Epoch 6/75
 - 239s - loss: 4.0831 - acc: 0.0635 - val_loss: 3.9843 - val_acc: 0.0756
Epoch 7/75
 - 234s - loss: 4.0371 - acc: 0.0693 - val_loss: 5.3803 - val_acc: 0.0217
Epoch 8/75
 - 236s - loss: 3.9737 - acc: 0.0744 - val_loss: 4.1888 - val_acc: 0.0646
Epoch 9/75
 - 234s - loss: 3.9118 - acc: 0.0856 - val_loss: 3.8814 - val_acc: 0.0908
Epoch 10/75
 - 235s - loss: 3.8398 - acc: 0.0898 - val_loss: 4.1934 - val_acc: 0.0632
Epoch 11/75
 - 234s - loss: 3.8219 - acc: 0.0963 - val_loss: 3.8413 - val_acc: 0.0967
Epoch 12/75
 - 235s - loss: 3.7551 - acc: 0.1042 - val_loss: 4.1781 - val_acc: 0.0656
Epoch 13/75
 - 236s - loss: 3.7285 - acc: 0.1059 - val_loss: 3.7973 - val_acc: 0.1115
Epoch 14/75
 - 236s - loss: 3.7093 - acc: 0.1107 - val_loss: 3.9682 - val_acc: 0.0891
Epoch 15/75
 - 236s - loss: 3.6425 - acc: 0.1233 - val_loss: 3.9537 - val_acc: 0.0825
Epoch 16/75
 - 235s - loss: 3.6314 - acc: 0.1207 - val_loss: 4.0981 - val_acc: 0.0798
Epoch 17/75
 - 238s - loss: 3.6142 - acc: 0.1244 - val_loss: 4.2900 - val_acc: 0.0686
Epoch 18/75
 - 244s - loss: 3.5667 - acc: 0.1306 - val_loss: 3.8569 - val_acc: 0.1028
Epoch 19/75
 - 242s - loss: 3.5574 - acc: 0.1370 - val_loss: 3.7871 - val_acc: 0.1103
Epoch 20/75
 - 239s - loss: 3.4998 - acc: 0.1462 - val_loss: 3.4343 - val_acc: 0.1668
Epoch 21/75
 - 236s - loss: 3.5116 - acc: 0.1432 - val_loss: 3.9285 - val_acc: 0.0965
Epoch 22/75
 - 238s - loss: 3.4562 - acc: 0.1565 - val_loss: 3.7862 - val_acc: 0.1139
Epoch 23/75
 - 236s - loss: 3.4463 - acc: 0.1514 - val_loss: 3.9800 - val_acc: 0.1076
Epoch 24/75
 - 237s - loss: 3.3931 - acc: 0.1606 - val_loss: 3.4726 - val_acc: 0.1514
Epoch 25/75
 - 236s - loss: 3.3864 - acc: 0.1575 - val_loss: 3.7422 - val_acc: 0.1217
Epoch 26/75
 - 239s - loss: 3.3566 - acc: 0.1762 - val_loss: 3.5630 - val_acc: 0.1467
Epoch 27/75
 - 235s - loss: 3.3485 - acc: 0.1694 - val_loss: 4.0053 - val_acc: 0.0953
Epoch 28/75
 - 238s - loss: 3.2985 - acc: 0.1781 - val_loss: 3.3896 - val_acc: 0.1598
Epoch 29/75
 - 237s - loss: 3.3029 - acc: 0.1776 - val_loss: 3.2801 - val_acc: 0.1937
Epoch 30/75
 - 241s - loss: 3.2846 - acc: 0.1793 - val_loss: 3.4820 - val_acc: 0.1543
Epoch 31/75
 - 237s - loss: 3.2450 - acc: 0.1854 - val_loss: 3.3785 - val_acc: 0.1655
Epoch 32/75
 - 236s - loss: 3.2192 - acc: 0.1915 - val_loss: 3.2093 - val_acc: 0.1992
Epoch 33/75
 - 236s - loss: 3.2036 - acc: 0.1954 - val_loss: 3.9322 - val_acc: 0.1169
Epoch 34/75
 - 232s - loss: 3.1656 - acc: 0.2047 - val_loss: 3.7630 - val_acc: 0.1384
Epoch 35/75
 - 234s - loss: 3.1525 - acc: 0.2045 - val_loss: 3.6930 - val_acc: 0.1325
Epoch 36/75
 - 234s - loss: 3.1299 - acc: 0.2111 - val_loss: 3.7935 - val_acc: 0.1451
Epoch 37/75
 - 235s - loss: 3.0916 - acc: 0.2126 - val_loss: 3.5308 - val_acc: 0.1547
Epoch 38/75
 - 234s - loss: 3.1101 - acc: 0.2146 - val_loss: 3.1645 - val_acc: 0.2031
Epoch 39/75
 - 234s - loss: 3.0460 - acc: 0.2243 - val_loss: 3.3462 - val_acc: 0.1849
Epoch 40/75
 - 238s - loss: 3.0446 - acc: 0.2292 - val_loss: 3.6965 - val_acc: 0.1649
Epoch 41/75
 - 239s - loss: 3.0149 - acc: 0.2285 - val_loss: 3.3408 - val_acc: 0.1916
Epoch 42/75
 - 236s - loss: 2.9718 - acc: 0.2378 - val_loss: 3.2603 - val_acc: 0.1969
Epoch 43/75
 - 237s - loss: 2.9750 - acc: 0.2369 - val_loss: 3.0148 - val_acc: 0.2336
Epoch 44/75
 - 235s - loss: 2.9288 - acc: 0.2434 - val_loss: 3.2141 - val_acc: 0.2102
Epoch 45/75
 - 235s - loss: 2.9060 - acc: 0.2525 - val_loss: 3.4197 - val_acc: 0.1752
Epoch 46/75
 - 236s - loss: 2.8889 - acc: 0.2545 - val_loss: 3.4662 - val_acc: 0.1775
Epoch 47/75
 - 235s - loss: 2.8789 - acc: 0.2559 - val_loss: 3.3974 - val_acc: 0.2009
Epoch 48/75
 - 235s - loss: 2.8645 - acc: 0.2580 - val_loss: 3.7790 - val_acc: 0.1684
Epoch 49/75
 - 236s - loss: 2.8319 - acc: 0.2627 - val_loss: 3.5645 - val_acc: 0.1695
Epoch 50/75
 - 232s - loss: 2.8254 - acc: 0.2674 - val_loss: 2.9297 - val_acc: 0.2578
Epoch 51/75
 - 237s - loss: 2.7792 - acc: 0.2752 - val_loss: 3.8513 - val_acc: 0.1873
Epoch 52/75
 - 236s - loss: 2.7894 - acc: 0.2723 - val_loss: 3.1623 - val_acc: 0.2193
Epoch 53/75
 - 241s - loss: 2.7513 - acc: 0.2821 - val_loss: 3.1002 - val_acc: 0.2395
Epoch 54/75
 - 252s - loss: 2.7631 - acc: 0.2805 - val_loss: 3.1404 - val_acc: 0.2263
Epoch 55/75
 - 241s - loss: 2.7121 - acc: 0.2846 - val_loss: 4.0626 - val_acc: 0.1745
Epoch 56/75
 - 240s - loss: 2.7252 - acc: 0.2899 - val_loss: 3.2940 - val_acc: 0.2217
Epoch 57/75
 - 246s - loss: 2.6742 - acc: 0.2938 - val_loss: 3.1444 - val_acc: 0.2519
Epoch 58/75
 - 240s - loss: 2.6578 - acc: 0.3038 - val_loss: 3.9638 - val_acc: 0.1853
Epoch 59/75
 - 235s - loss: 2.6371 - acc: 0.3001 - val_loss: 3.1935 - val_acc: 0.2262
Epoch 60/75
 - 234s - loss: 2.6105 - acc: 0.3040 - val_loss: 4.7348 - val_acc: 0.1681
Epoch 61/75
 - 239s - loss: 2.5968 - acc: 0.3111 - val_loss: 3.0137 - val_acc: 0.2345
Epoch 62/75
 - 237s - loss: 2.6086 - acc: 0.3144 - val_loss: 3.4475 - val_acc: 0.2184
Epoch 63/75
 - 238s - loss: 2.5783 - acc: 0.3183 - val_loss: 3.1422 - val_acc: 0.2549
Epoch 64/75
 - 235s - loss: 2.5621 - acc: 0.3202 - val_loss: 3.2633 - val_acc: 0.2511
Epoch 65/75
 - 235s - loss: 2.5470 - acc: 0.3253 - val_loss: 3.9534 - val_acc: 0.1835
Epoch 66/75
 - 237s - loss: 2.5197 - acc: 0.3296 - val_loss: 3.4319 - val_acc: 0.2402
Epoch 67/75
 - 241s - loss: 2.5368 - acc: 0.3293 - val_loss: 3.5745 - val_acc: 0.2186
Epoch 68/75
 - 236s - loss: 2.5023 - acc: 0.3338 - val_loss: 3.3912 - val_acc: 0.2732
Epoch 69/75
 - 235s - loss: 2.4723 - acc: 0.3443 - val_loss: 3.2807 - val_acc: 0.2503
Epoch 70/75
 - 234s - loss: 2.4680 - acc: 0.3407 - val_loss: 3.1877 - val_acc: 0.2474
Epoch 71/75
 - 235s - loss: 2.4695 - acc: 0.3428 - val_loss: 3.2462 - val_acc: 0.2631
Epoch 72/75
 - 238s - loss: 2.4206 - acc: 0.3451 - val_loss: 3.0966 - val_acc: 0.2577
Epoch 73/75
 - 236s - loss: 2.4163 - acc: 0.3560 - val_loss: 3.0604 - val_acc: 0.2727
Epoch 74/75
 - 232s - loss: 2.4502 - acc: 0.3417 - val_loss: 2.8190 - val_acc: 0.2967
Epoch 75/75
 - 234s - loss: 2.3621 - acc: 0.3654 - val_loss: 3.1308 - val_acc: 0.2933
n02110806-basenji

1/1 [==============================] - 1s 517ms/step
[3.5494384765625, 0.25]
['loss', 'acc']
