Using TensorFlow backend.
2018-12-11 01:18:45.169869: I tensorflow/core/platform/cpu_feature_guard.cc:141] Your CPU supports instructions that this TensorFlow binary was not compiled to use: AVX2 FMA
2018-12-11 01:18:45.470930: I tensorflow/core/common_runtime/gpu/gpu_device.cc:1432] Found device 0 with properties: 
name: Tesla K20m major: 3 minor: 5 memoryClockRate(GHz): 0.7055
pciBusID: 0000:02:00.0
totalMemory: 4.63GiB freeMemory: 4.56GiB
2018-12-11 01:18:45.693836: I tensorflow/core/common_runtime/gpu/gpu_device.cc:1432] Found device 1 with properties: 
name: Tesla K20m major: 3 minor: 5 memoryClockRate(GHz): 0.7055
pciBusID: 0000:05:00.0
totalMemory: 4.63GiB freeMemory: 4.56GiB
2018-12-11 01:18:45.694286: I tensorflow/core/common_runtime/gpu/gpu_device.cc:1511] Adding visible gpu devices: 0, 1
2018-12-11 01:18:58.909127: I tensorflow/core/common_runtime/gpu/gpu_device.cc:982] Device interconnect StreamExecutor with strength 1 edge matrix:
2018-12-11 01:18:58.909919: I tensorflow/core/common_runtime/gpu/gpu_device.cc:988]      0 1 
2018-12-11 01:18:58.909933: I tensorflow/core/common_runtime/gpu/gpu_device.cc:1001] 0:   N Y 
2018-12-11 01:18:58.909940: I tensorflow/core/common_runtime/gpu/gpu_device.cc:1001] 1:   Y N 
2018-12-11 01:18:58.910344: I tensorflow/core/common_runtime/gpu/gpu_device.cc:1115] Created TensorFlow device (/job:localhost/replica:0/task:0/device:GPU:0 with 4326 MB memory) -> physical GPU (device: 0, name: Tesla K20m, pci bus id: 0000:02:00.0, compute capability: 3.5)
2018-12-11 01:18:58.910880: I tensorflow/core/common_runtime/gpu/gpu_device.cc:1115] Created TensorFlow device (/job:localhost/replica:0/task:0/device:GPU:1 with 4326 MB memory) -> physical GPU (device: 1, name: Tesla K20m, pci bus id: 0000:05:00.0, compute capability: 3.5)
Found 12000 images belonging to 120 classes.
Found 8580 images belonging to 120 classes.
Epoch 1/75
 - 326s - loss: 4.7904 - acc: 0.0063 - val_loss: 4.7873 - val_acc: 0.0091
Epoch 2/75
 - 237s - loss: 4.7891 - acc: 0.0073 - val_loss: 4.7873 - val_acc: 0.0089
Epoch 3/75
 - 236s - loss: 4.7891 - acc: 0.0077 - val_loss: 4.7872 - val_acc: 0.0117
Epoch 4/75
 - 238s - loss: 4.7888 - acc: 0.0063 - val_loss: 4.7877 - val_acc: 0.0087
Epoch 5/75
 - 238s - loss: 4.7887 - acc: 0.0076 - val_loss: 4.7788 - val_acc: 0.0160
Epoch 6/75
 - 236s - loss: 4.7424 - acc: 0.0104 - val_loss: 4.6665 - val_acc: 0.0137
Epoch 7/75
 - 237s - loss: 4.6770 - acc: 0.0134 - val_loss: 4.6372 - val_acc: 0.0173
Epoch 8/75
 - 235s - loss: 4.6324 - acc: 0.0163 - val_loss: 4.6380 - val_acc: 0.0193
Epoch 9/75
 - 234s - loss: 4.5460 - acc: 0.0232 - val_loss: 4.4426 - val_acc: 0.0341
Epoch 10/75
 - 234s - loss: 4.4621 - acc: 0.0290 - val_loss: 4.3839 - val_acc: 0.0360
Epoch 11/75
 - 237s - loss: 4.3705 - acc: 0.0394 - val_loss: 4.2674 - val_acc: 0.0544
Epoch 12/75
 - 236s - loss: 4.2915 - acc: 0.0452 - val_loss: 4.3645 - val_acc: 0.0374
Epoch 13/75
 - 235s - loss: 4.2198 - acc: 0.0526 - val_loss: 4.1584 - val_acc: 0.0598
Epoch 14/75
 - 236s - loss: 4.1674 - acc: 0.0581 - val_loss: 4.0517 - val_acc: 0.0659
Epoch 15/75
 - 234s - loss: 4.1047 - acc: 0.0614 - val_loss: 4.0131 - val_acc: 0.0787
Epoch 16/75
 - 235s - loss: 4.0546 - acc: 0.0663 - val_loss: 4.1193 - val_acc: 0.0555
Epoch 17/75
 - 234s - loss: 4.0072 - acc: 0.0689 - val_loss: 3.9199 - val_acc: 0.0775
Epoch 18/75
 - 234s - loss: 3.9667 - acc: 0.0751 - val_loss: 3.8643 - val_acc: 0.0851
Epoch 19/75
 - 234s - loss: 3.9108 - acc: 0.0795 - val_loss: 3.9681 - val_acc: 0.0717
Epoch 20/75
 - 232s - loss: 3.8720 - acc: 0.0882 - val_loss: 4.0449 - val_acc: 0.0748
Epoch 21/75
 - 235s - loss: 3.8333 - acc: 0.0870 - val_loss: 3.7739 - val_acc: 0.0987
Epoch 22/75
 - 235s - loss: 3.8018 - acc: 0.0985 - val_loss: 3.8323 - val_acc: 0.1063
Epoch 23/75
 - 234s - loss: 3.7499 - acc: 0.0970 - val_loss: 3.7880 - val_acc: 0.1117
Epoch 24/75
 - 234s - loss: 3.7073 - acc: 0.1109 - val_loss: 3.6782 - val_acc: 0.1106
Epoch 25/75
 - 234s - loss: 3.6779 - acc: 0.1128 - val_loss: 3.6261 - val_acc: 0.1259
Epoch 26/75
 - 234s - loss: 3.6332 - acc: 0.1161 - val_loss: 3.5860 - val_acc: 0.1331
Epoch 27/75
 - 234s - loss: 3.5863 - acc: 0.1237 - val_loss: 3.5339 - val_acc: 0.1360
Epoch 28/75
 - 234s - loss: 3.5677 - acc: 0.1303 - val_loss: 3.5115 - val_acc: 0.1334
Epoch 29/75
 - 237s - loss: 3.5186 - acc: 0.1403 - val_loss: 3.4881 - val_acc: 0.1496
Epoch 30/75
 - 235s - loss: 3.4900 - acc: 0.1395 - val_loss: 3.4317 - val_acc: 0.1506
Epoch 31/75
 - 234s - loss: 3.4441 - acc: 0.1531 - val_loss: 3.5266 - val_acc: 0.1426
Epoch 32/75
 - 235s - loss: 3.3923 - acc: 0.1540 - val_loss: 3.4810 - val_acc: 0.1545
Epoch 33/75
 - 234s - loss: 3.3926 - acc: 0.1620 - val_loss: 3.4296 - val_acc: 0.1579
Epoch 34/75
 - 234s - loss: 3.3343 - acc: 0.1664 - val_loss: 3.3584 - val_acc: 0.1690
Epoch 35/75
 - 234s - loss: 3.2886 - acc: 0.1821 - val_loss: 3.3268 - val_acc: 0.1783
Epoch 36/75
 - 233s - loss: 3.2815 - acc: 0.1836 - val_loss: 3.3140 - val_acc: 0.1865
Epoch 37/75
 - 234s - loss: 3.2378 - acc: 0.1913 - val_loss: 3.2364 - val_acc: 0.1929
Epoch 38/75
 - 234s - loss: 3.1936 - acc: 0.1959 - val_loss: 3.2424 - val_acc: 0.1932
Epoch 39/75
 - 234s - loss: 3.1897 - acc: 0.1970 - val_loss: 3.2158 - val_acc: 0.1960
Epoch 40/75
 - 233s - loss: 3.1520 - acc: 0.2103 - val_loss: 3.2788 - val_acc: 0.1924
Epoch 41/75
 - 235s - loss: 3.1258 - acc: 0.2132 - val_loss: 3.3243 - val_acc: 0.1865
Epoch 42/75
 - 235s - loss: 3.1206 - acc: 0.2114 - val_loss: 3.1157 - val_acc: 0.2215
Epoch 43/75
 - 234s - loss: 3.0742 - acc: 0.2229 - val_loss: 3.2814 - val_acc: 0.1967
Epoch 44/75
 - 235s - loss: 3.0819 - acc: 0.2177 - val_loss: 3.0518 - val_acc: 0.2314
Epoch 45/75
 - 233s - loss: 3.0246 - acc: 0.2320 - val_loss: 3.2379 - val_acc: 0.2016
Epoch 46/75
 - 235s - loss: 3.0133 - acc: 0.2350 - val_loss: 3.1187 - val_acc: 0.2306
Epoch 47/75
 - 233s - loss: 3.0033 - acc: 0.2370 - val_loss: 3.1826 - val_acc: 0.2130
Epoch 48/75
 - 233s - loss: 2.9902 - acc: 0.2397 - val_loss: 2.9663 - val_acc: 0.2500
Epoch 49/75
 - 233s - loss: 2.9666 - acc: 0.2461 - val_loss: 3.0815 - val_acc: 0.2312
Epoch 50/75
 - 232s - loss: 2.9205 - acc: 0.2526 - val_loss: 3.2199 - val_acc: 0.2230
Epoch 51/75
 - 234s - loss: 2.9199 - acc: 0.2545 - val_loss: 3.1432 - val_acc: 0.2246
Epoch 52/75
 - 234s - loss: 2.8704 - acc: 0.2646 - val_loss: 3.1760 - val_acc: 0.2418
Epoch 53/75
 - 233s - loss: 2.8957 - acc: 0.2562 - val_loss: 3.2068 - val_acc: 0.2220
Epoch 54/75
 - 235s - loss: 2.8737 - acc: 0.2690 - val_loss: 3.0183 - val_acc: 0.2436
Epoch 55/75
 - 235s - loss: 2.8655 - acc: 0.2665 - val_loss: 2.9694 - val_acc: 0.2649
Epoch 56/75
 - 236s - loss: 2.8331 - acc: 0.2726 - val_loss: 3.1552 - val_acc: 0.2355
Epoch 57/75
 - 236s - loss: 2.8498 - acc: 0.2736 - val_loss: 3.4246 - val_acc: 0.1951
Epoch 58/75
 - 233s - loss: 2.7939 - acc: 0.2782 - val_loss: 3.0366 - val_acc: 0.2573
Epoch 59/75
 - 234s - loss: 2.8087 - acc: 0.2769 - val_loss: 3.1076 - val_acc: 0.2411
Epoch 60/75
 - 234s - loss: 2.7732 - acc: 0.2871 - val_loss: 3.0580 - val_acc: 0.2622
Epoch 61/75
 - 234s - loss: 2.7729 - acc: 0.2829 - val_loss: 3.0348 - val_acc: 0.2435
Epoch 62/75
 - 231s - loss: 2.7529 - acc: 0.2905 - val_loss: 3.3207 - val_acc: 0.2311
Epoch 63/75
 - 234s - loss: 2.7364 - acc: 0.2884 - val_loss: 2.8892 - val_acc: 0.2767
Epoch 64/75
 - 232s - loss: 2.7391 - acc: 0.2994 - val_loss: 3.3579 - val_acc: 0.2219
Epoch 65/75
 - 236s - loss: 2.7386 - acc: 0.2956 - val_loss: 3.0713 - val_acc: 0.2528
Epoch 66/75
 - 234s - loss: 2.7235 - acc: 0.3000 - val_loss: 3.0691 - val_acc: 0.2571
Epoch 67/75
 - 234s - loss: 2.7185 - acc: 0.3036 - val_loss: 3.0326 - val_acc: 0.2713
Epoch 68/75
 - 234s - loss: 2.7025 - acc: 0.2985 - val_loss: 2.9469 - val_acc: 0.2774
Epoch 69/75
 - 234s - loss: 2.6910 - acc: 0.3077 - val_loss: 3.0263 - val_acc: 0.2543
Epoch 70/75
 - 236s - loss: 2.7125 - acc: 0.3047 - val_loss: 3.1736 - val_acc: 0.2416
Epoch 71/75
 - 233s - loss: 2.6984 - acc: 0.3091 - val_loss: 3.1371 - val_acc: 0.2456
Epoch 72/75
 - 232s - loss: 2.6522 - acc: 0.3165 - val_loss: 3.0553 - val_acc: 0.2568
Epoch 73/75
 - 235s - loss: 2.6876 - acc: 0.3097 - val_loss: 3.1212 - val_acc: 0.2621
Epoch 74/75
 - 234s - loss: 2.6856 - acc: 0.3075 - val_loss: 3.0852 - val_acc: 0.2694
Epoch 75/75
 - 232s - loss: 2.6929 - acc: 0.3130 - val_loss: 2.9054 - val_acc: 0.2786
n02086646-Blenheim_spaniel

1/1 [==============================] - 1s 606ms/step
[2.8327836990356445, 0.359375]
['loss', 'acc']
